generating init node: root=(22, 26); left=(19, 31); right=(31, 19); f=1.41421, g=0
	pushing: root=(22, 26); left=(19, 31); right=(31, 19); f=4.47214, g=0
generating init node: root=(22, 26); left=(18, 19); right=(19, 31); f=3.40486, g=0
generating init node: root=(22, 26); left=(31, 19); right=(18, 19); f=7, g=0
popped off: root=(22, 26); left=(19, 31); right=(31, 19); f=1.41421, g=0
	pushing: root=(22, 26); left=(31, 31); right=(31, 19); f=9, g=0
	pushing: root=(22, 26); left=(19, 31); right=(31, 31); f=5, g=0
popped off: root=(22, 26); left=(18, 19); right=(19, 31); f=3.40486, g=0
	intermediate: root=(22, 26); left=(18, 19); right=(15, 31); f=0, g=0
	intermediate: root=(22, 26); left=(15, 19); right=(15, 31); f=0, g=0
	pushing: root=(22, 26); left=(3, 27); right=(15, 31); f=8.60233, g=0
	pushing: root=(22, 26); left=(15, 19); right=(3, 27); f=9.89949, g=0
popped off: root=(22, 26); left=(19, 31); right=(31, 19); f=4.47214, g=0
popped off: root=(22, 26); left=(19, 31); right=(31, 31); f=5, g=0
	intermediate: root=(22, 26); left=(19, 34); right=(31, 31); f=0, g=0
	intermediate: root=(22, 26); left=(19, 34); right=(31, 35); f=0, g=0
	pushing: root=(22, 26); left=(26, 46); right=(31, 35); f=12.7279, g=0
	pushing: root=(22, 26); left=(19, 34); right=(26, 46); f=8.544, g=0
popped off: root=(22, 26); left=(31, 19); right=(18, 19); f=7, g=0
	intermediate: root=(22, 26); left=(31, 19); right=(19, 18); f=0, g=0
	intermediate: root=(22, 26); left=(31, 15); right=(19, 18); f=0, g=0
	intermediate: root=(22, 26); left=(31, 15); right=(19, 15); f=0, g=0
	pushing: root=(22, 26); left=(26, 10); right=(19, 15); f=11.4018, g=0
	pushing: root=(22, 26); left=(31, 15); right=(26, 10); f=14.2127, g=0
popped off: root=(22, 26); left=(19, 34); right=(26, 46); f=8.544, g=0
	pushing: root=(22, 26); left=(23, 46); right=(26, 46); f=20.025, g=0
	pushing: root=(22, 26); left=(19, 34); right=(23, 46); f=8.544, g=0
popped off: root=(22, 26); left=(19, 34); right=(23, 46); f=8.544, g=0
	pushing: root=(22, 26); left=(18.3425, 35.7534); right=(23, 46); f=10.4167, g=0
	pushing: root=(19, 34); left=(18, 35); right=(18.3425, 35.7534); f=9.95822, g=8.544
popped off: root=(22, 26); left=(3, 27); right=(15, 31); f=8.60233, g=0
	intermediate: root=(22, 26); left=(3, 30); right=(15, 31); f=0, g=0
	pushing: root=(22, 26); left=(3, 31); right=(15, 31); f=8.60233, g=0
	pushing: root=(22, 26); left=(3, 30); right=(3, 31); f=19.4165, g=0
popped off: root=(22, 26); left=(3, 31); right=(15, 31); f=8.60233, g=0
	intermediate: root=(22, 26); left=(3, 34); right=(15, 31); f=0, g=0
	pushing: root=(15, 31); left=(9.98507, 34.5821); right=(15, 35); f=12.5885, g=8.60233
	pushing: root=(22, 26); left=(3, 34); right=(9.98507, 34.5821); f=14.7652, g=0
popped off: root=(22, 26); left=(31, 31); right=(31, 19); f=9, g=0
	intermediate: root=(22, 26); left=(31, 31); right=(34, 19); f=0, g=0
	intermediate: root=(22, 26); left=(35, 31); right=(34, 19); f=0, g=0
	pushing: root=(22, 26); left=(47, 19); right=(34, 19); f=13.8924, g=0
	pushing: root=(22, 26); left=(35, 31); right=(47, 19); f=13.9284, g=0
popped off: root=(22, 26); left=(15, 19); right=(3, 27); f=9.89949, g=0
	pushing: root=(22, 26); left=(2, 23); right=(3, 27); f=19.0263, g=0
	pushing: root=(22, 26); left=(15, 19); right=(2, 23); f=9.89949, g=0
popped off: root=(22, 26); left=(15, 19); right=(2, 23); f=9.89949, g=0
	intermediate: root=(22, 26); left=(15, 19); right=(3, 18); f=0, g=0
	pushing: root=(22, 26); left=(11.8, 15.8); right=(3, 18); f=14.425, g=0
	pushing: root=(15, 19); left=(15, 15); right=(11.8, 15.8); f=13.7801, g=9.89949
popped off: root=(19, 34); left=(18, 35); right=(18.3425, 35.7534); f=9.95822, g=8.544
	intermediate: root=(19, 34); left=(18, 35); right=(18.2041, 36.1224); f=8.544, g=8.544
	pushing: root=(19, 34); left=(15.9375, 37.0625); right=(16.9863, 39.3699); f=12.875, g=8.544
	pushing: root=(18, 35); left=(15, 35); right=(15.9375, 37.0625); f=12.6893, g=9.95822
popped off: root=(22, 26); left=(18.3425, 35.7534); right=(23, 46); f=10.4167, g=0
	intermediate: root=(22, 26); left=(18.2041, 36.1224); right=(20, 46); f=0, g=0
	intermediate: root=(22, 26); left=(16.9863, 39.3699); right=(20, 46); f=0, g=0
	pushing: root=(22, 26); left=(15, 47); right=(20, 46); f=20.0998, g=0
	pushing: root=(22, 26); left=(15, 44.6667); right=(15, 47); f=19.936, g=0
popped off: root=(22, 26); left=(26, 10); right=(19, 15); f=11.4018, g=0
	intermediate: root=(22, 26); left=(23, 10); right=(19, 15); f=0, g=0
	pushing: root=(19, 15); left=(18.4175, 12.8641); right=(15, 15); f=13.5218, g=11.4018
	pushing: root=(19, 15); left=(18.4175, 12.8641); right=(15, 15); f=18.6819, g=11.4018
	pushing: root=(19, 15); left=(18.4175, 12.8641); right=(15, 15); f=16.0609, g=11.4018
	pushing: root=(22, 26); left=(23, 10); right=(18.4175, 12.8641); f=13.6157, g=0
	pushing: root=(22, 26); left=(23, 10); right=(18.4175, 12.8641); f=18.6821, g=0
	pushing: root=(22, 26); left=(23, 10); right=(18.4175, 12.8641); f=15.1327, g=0
popped off: root=(15, 31); left=(9.98507, 34.5821); right=(15, 35); f=12.5885, g=8.60233
	pushing: root=(15, 31); left=(3, 47); right=(15, 35); f=12.6023, g=8.60233
	pushing: root=(15, 31); left=(3, 39.5714); right=(3, 47); f=23.3492, g=8.60233
popped off: root=(15, 31); left=(3, 47); right=(15, 35); f=12.6023, g=8.60233
	pushing: root=(15, 35); left=(15, 47); right=(15, 35); f=12.6023, g=12.6023
	pushing: root=(15, 31); left=(3, 47); right=(15, 47); f=24.6023, g=8.60233
popped off: root=(15, 35); left=(15, 47); right=(15, 35); f=12.6023, g=12.6023
	pushing: root=(15, 35); left=(20, 46); right=(15, 35); f=12.6023, g=12.6023
	pushing: root=(15, 35); left=(15, 47); right=(20, 46); f=24.3693, g=12.6023
popped off: root=(15, 35); left=(20, 46); right=(15, 35); f=12.6023, g=12.6023
	intermediate: root=(15, 35); left=(20, 46); right=(18, 35); f=12.6023, g=12.6023
	intermediate: root=(15, 35); left=(23, 46); right=(18, 35); f=12.6023, g=12.6023
	intermediate: root=(15, 35); left=(23, 46); right=(19.3333, 35); f=12.6023, g=12.6023
	pushing: root=(15, 35); left=(26, 46); right=(19.5833, 35); f=17.1857, g=12.6023
	pushing: root=(15, 35); left=(23, 46); right=(26, 46); f=26.2038, g=12.6023
popped off: root=(18, 35); left=(15, 35); right=(15.9375, 37.0625); f=12.6893, g=9.95822
	intermediate: root=(18, 35); left=(15, 35); right=(15, 38); f=9.95822, g=9.95822
	pushing: root=(18, 35); left=(3, 47); right=(6, 47); f=26.9288, g=9.95822
	pushing: root=(18, 35); left=(15, 35); right=(3, 47); f=12.9582, g=9.95822
popped off: root=(22, 26); left=(26, 46); right=(31, 35); f=12.7279, g=0
	intermediate: root=(22, 26); left=(29, 46); right=(31, 35); f=0, g=0
	pushing: root=(31, 35); left=(33.0625, 37.0625); right=(34, 35); f=15.459, g=12.7279
	pushing: root=(22, 26); left=(29, 46); right=(33.0625, 37.0625); f=15.6447, g=0
popped off: root=(19, 34); left=(15.9375, 37.0625); right=(16.9863, 39.3699); f=12.875, g=8.544
	intermediate: root=(19, 34); left=(15, 38); right=(15, 44.6667); f=8.544, g=8.544
	intermediate: root=(19, 34); left=(6, 47); right=(14.125, 47); f=8.544, g=8.544
popped off: root=(18, 35); left=(15, 35); right=(3, 47); f=12.9582, g=9.95822
	intermediate: root=(18, 35); left=(3, 35); right=(3, 47); f=9.95822, g=9.95822
	intermediate: root=(18, 35); left=(2, 35); right=(3, 47); f=9.95822, g=9.95822
popped off: root=(19, 15); left=(18.4175, 12.8641); right=(15, 15); f=13.5218, g=11.4018
	intermediate: root=(19, 15); left=(16.913, 7.34783); right=(15, 15); f=11.4018, g=11.4018
	intermediate: root=(19, 15); left=(15, 3); right=(15, 15); f=11.4018, g=11.4018
	pushing: root=(15, 15); left=(3, 15); right=(15, 15); f=15.4018, g=15.4018
	pushing: root=(19, 15); left=(15, 3); right=(3, 15); f=22.7155, g=11.4018
popped off: root=(22, 26); left=(23, 10); right=(18.4175, 12.8641); f=13.6157, g=0
	pushing: root=(22, 26); left=(18, 3); right=(16.913, 7.34783); f=19.3334, g=0
	pushing: root=(22, 26); left=(23, 10); right=(18, 3); f=16.0312, g=0
	pushing: root=(22, 26); left=(23, 10); right=(18, 3); f=19, g=0
popped off: root=(15, 19); left=(15, 15); right=(11.8, 15.8); f=13.7801, g=9.89949
	intermediate: root=(15, 19); left=(15, 15); right=(11, 15); f=9.89949, g=9.89949
	pushing: root=(15, 19); left=(15, 3); right=(7, 11); f=21.2132, g=9.89949
	pushing: root=(15, 15); left=(15, 15); right=(15, 3); f=13.8995, g=13.8995
popped off: root=(22, 26); left=(47, 19); right=(34, 19); f=13.8924, g=0
	pushing: root=(34, 19); left=(35.625, 18.0521); right=(35, 18); f=15.3067, g=13.8924
	pushing: root=(22, 26); left=(47, 19); right=(35.625, 18.0521); f=15.7737, g=0
popped off: root=(15, 15); left=(15, 15); right=(15, 3); f=13.8995, g=13.8995
	pushing: root=(15, 15); left=(15, 15); right=(18, 3); f=21.1796, g=13.8995
	pushing: root=(15, 15); left=(15, 15); right=(18, 3); f=20.3026, g=13.8995
	intermediate: root=(15, 15); left=(15, 15); right=(18, 3); f=13.8995, g=13.8995
	pushing: root=(15, 15); left=(23, 10); right=(18, 3); f=23.3156, g=13.8995
	pushing: root=(15, 15); left=(23, 10); right=(18, 3); f=24.5296, g=13.8995
	pushing: root=(15, 15); left=(15, 15); right=(23, 10); f=13.8995, g=13.8995
popped off: root=(15, 15); left=(15, 15); right=(23, 10); f=13.8995, g=13.8995
	intermediate: root=(15, 15); left=(19, 15); right=(23, 10); f=13.8995, g=13.8995
	intermediate: root=(15, 15); left=(19, 15); right=(26, 10); f=13.8995, g=13.8995
	intermediate: root=(15, 15); left=(31, 15); right=(26, 10); f=13.8995, g=13.8995
	pushing: root=(26, 10); left=(31, 3); right=(26, 10); f=25.9825, g=25.9825
	pushing: root=(26, 10); left=(31, 7.72727); right=(31, 3); f=31.4748, g=25.9825
	pushing: root=(26, 10); left=(31, 7.72727); right=(31, 3); f=33.0934, g=25.9825
	pushing: root=(15, 15); left=(31, 15); right=(31, 7.72727); f=29.8995, g=13.8995
	pushing: root=(15, 15); left=(31, 15); right=(31, 7.72727); f=31.9273, g=13.8995
popped off: root=(22, 26); left=(35, 31); right=(47, 19); f=13.9284, g=0
	pushing: root=(22, 26); left=(47, 31); right=(47, 19); f=25, g=0
	pushing: root=(22, 26); left=(35, 31); right=(47, 31); f=13.9284, g=0
popped off: root=(22, 26); left=(35, 31); right=(47, 31); f=13.9284, g=0
	pushing: root=(22, 26); left=(39.7273, 32.8182); right=(47, 31); f=18.9933, g=0
	pushing: root=(35, 31); left=(35, 34); right=(39.7273, 32.8182); f=16.8388, g=13.9284
popped off: root=(22, 26); left=(31, 15); right=(26, 10); f=14.2127, g=0
	pushing: root=(22, 26); left=(31, 3); right=(26, 10); f=16.4924, g=0
	pushing: root=(22, 26); left=(31, 15); right=(31, 3); f=14.2127, g=0
	pushing: root=(22, 26); left=(31, 15); right=(31, 3); f=19.7231, g=0
popped off: root=(22, 26); left=(31, 15); right=(31, 3); f=14.2127, g=0
	intermediate: root=(22, 26); left=(31, 15); right=(34, 3); f=0, g=0
	pushing: root=(22, 26); left=(34.6303, 10.563); right=(34, 3); f=19.9455, g=0
	pushing: root=(31, 15); left=(35, 15); right=(34.6303, 10.563); f=18.1989, g=14.2127
popped off: root=(22, 26); left=(11.8, 15.8); right=(3, 18); f=14.425, g=0
	intermediate: root=(22, 26); left=(11, 15); right=(3, 15); f=0, g=0
	intermediate: root=(22, 26); left=(7, 11); right=(3, 15); f=0, g=0
	intermediate: root=(22, 26); left=(2.27273, 6.27273); right=(3, 15); f=0, g=0
popped off: root=(22, 26); left=(3, 34); right=(9.98507, 34.5821); f=14.7652, g=0
	intermediate: root=(22, 26); left=(3, 34); right=(3, 39.5714); f=0, g=0
	intermediate: root=(22, 26); left=(2, 35); right=(2.41573, 39.9888); f=0, g=0
popped off: root=(22, 26); left=(23, 10); right=(18.4175, 12.8641); f=15.1327, g=0
