Couldn't find scenario version.
generating init node: root=(32, 9); left=(31, 15); right=(34, 3); f=0.485071, g=0, lb=0.485071, ub=6.32456
generating init node: root=(32, 9); left=(31, 3); right=(31, 15); f=1, g=0, lb=1, ub=6.08276
generating init node: root=(17, 8); left=(23, 10); right=(18, 3); f=3.71992, g=0, lb=3.71992, ub=6.32456
generating init node: root=(17, 8); left=(15, 15); right=(23, 10); f=4.87599, g=0, lb=4.87599, ub=7.28011
generating init node: root=(17, 8); left=(18, 3); right=(15, 15); f=0.242536, g=0, lb=0.242536, ub=7.28011
generating init node: root=(22, 7); left=(23, 8); right=(20, 2); f=0.447214, g=0, lb=0.447214, ub=5.38516
generating init node: root=(22, 7); left=(20, 2); right=(18, 3); f=5.36656, g=0, lb=5.36656, ub=5.65685
generating init node: root=(22, 7); left=(18, 3); right=(23, 10); f=0.929981, g=0, lb=0.929981, ub=5.65685
generating init node: root=(20, 11); left=(23, 10); right=(18, 3); f=3.02244, g=0, lb=3.02244, ub=8.24621
generating init node: root=(20, 11); left=(15, 15); right=(23, 10); f=0.741999, g=0, lb=0.741999, ub=6.40312
generating init node: root=(20, 11); left=(18, 3); right=(15, 15); f=3.88057, g=0, lb=3.88057, ub=8.24621
generating init node: root=(26, 24); left=(18, 19); right=(19, 31); f=7.55714, g=0, lb=7.55714, ub=9.89949
generating init node: root=(26, 24); left=(31, 19); right=(18, 19); f=5, g=0, lb=5, ub=9.43398
generating init node: root=(26, 24); left=(19, 31); right=(31, 31); f=7, g=0, lb=7, ub=9.89949
generating init node: root=(26, 24); left=(31, 31); right=(31, 19); f=5, g=0, lb=5, ub=8.60233
popped off: root=(17, 8); left=(18, 3); right=(15, 15); f=0.242536, g=0, lb=0.242536, ub=7.28011
	pushing: root=(17, 8); left=(15, 3); right=(15, 15); f=2, g=0, lb=2, ub=7.28011
popped off: root=(22, 7); left=(23, 8); right=(20, 2); f=0.447214, g=0, lb=0.447214, ub=5.38516
	pushing: root=(22, 7); left=(24, 7); right=(20, 2); f=1.56174, g=0, lb=1.56174, ub=5.38516
	pushing: root=(22, 7); left=(23, 8); right=(24, 7); f=1.41421, g=0, lb=1.41421, ub=2
popped off: root=(32, 9); left=(31, 15); right=(34, 3); f=0.485071, g=0, lb=0.485071, ub=6.32456
	pushing: root=(32, 9); left=(35, 15); right=(34, 3); f=2.49136, g=0, lb=2.49136, ub=6.7082
popped off: root=(20, 11); left=(15, 15); right=(23, 10); f=0.741999, g=0, lb=0.741999, ub=6.40312
	pushing: root=(20, 11); left=(19, 15); right=(23, 10); f=1.71791, g=0, lb=1.71791, ub=4.12311
popped off: root=(22, 7); left=(18, 3); right=(23, 10); f=0.929981, g=0, lb=0.929981, ub=5.65685
	pushing: root=(22, 7); left=(15, 15); right=(23, 10); f=3.16228, g=0, lb=3.16228, ub=10.6301
	pushing: root=(22, 7); left=(18, 3); right=(15, 15); f=4.85071, g=0, lb=4.85071, ub=10.6301
popped off: root=(32, 9); left=(31, 3); right=(31, 15); f=1, g=0, lb=1, ub=6.08276
	pushing: root=(32, 9); left=(26, 10); right=(31, 15); f=4.94975, g=0, lb=4.94975, ub=6.08276
	pushing: root=(32, 9); left=(31, 3); right=(26, 10); f=4.30116, g=0, lb=4.30116, ub=6.08276
popped off: root=(22, 7); left=(23, 8); right=(24, 7); f=1.41421, g=0, lb=1.41421, ub=2
popped off: root=(22, 7); left=(24, 7); right=(20, 2); f=1.56174, g=0, lb=1.56174, ub=5.38516
	pushing: root=(22, 7); left=(24, 7); right=(23, 2); f=1.96116, g=0, lb=1.96116, ub=5.09902
popped off: root=(20, 11); left=(19, 15); right=(23, 10); f=1.71791, g=0, lb=1.71791, ub=4.12311
	pushing: root=(20, 11); left=(19, 15); right=(26, 10); f=2.6737, g=0, lb=2.6737, ub=6.08276
popped off: root=(22, 7); left=(24, 7); right=(23, 2); f=1.96116, g=0, lb=1.96116, ub=5.09902
	pushing: root=(22, 7); left=(26, 3); right=(23, 2); f=5.05964, g=0, lb=5.05964, ub=5.65685
	pushing: root=(22, 7); left=(24, 7); right=(26, 3); f=2, g=0, lb=2, ub=5.65685
popped off: root=(22, 7); left=(24, 7); right=(26, 3); f=2, g=0, lb=2, ub=5.65685
	pushing: root=(22, 7); left=(26, 7); right=(26, 3); f=4, g=0, lb=4, ub=5.65685
popped off: root=(17, 8); left=(15, 3); right=(15, 15); f=2, g=0, lb=2, ub=7.28011
	pushing: root=(17, 8); left=(3, 15); right=(15, 15); f=7.28011, g=0, lb=7.28011, ub=15.6525
	pushing: root=(17, 8); left=(15, 3); right=(3, 15); f=4.94975, g=0, lb=4.94975, ub=15.6525
popped off: root=(32, 9); left=(35, 15); right=(34, 3); f=2.49136, g=0, lb=2.49136, ub=6.7082
	pushing: root=(32, 9); left=(47, 3); right=(34, 3); f=6.32456, g=0, lb=6.32456, ub=16.1555
	pushing: root=(32, 9); left=(35, 15); right=(47, 3); f=6.36396, g=0, lb=6.36396, ub=16.1555
popped off: root=(20, 11); left=(19, 15); right=(26, 10); f=2.6737, g=0, lb=2.6737, ub=6.08276
	pushing: root=(20, 11); left=(31, 15); right=(26, 10); f=6.08276, g=0, lb=6.08276, ub=11.7047
	pushing: root=(20, 11); left=(19, 15); right=(31, 15); f=4, g=0, lb=4, ub=11.7047
popped off: root=(20, 11); left=(23, 10); right=(18, 3); f=3.02244, g=0, lb=3.02244, ub=8.24621
	pushing: root=(20, 11); left=(23, 8); right=(18, 3); f=4.24264, g=0, lb=4.24264, ub=8.24621
popped off: root=(22, 7); left=(15, 15); right=(23, 10); f=3.16228, g=0, lb=3.16228, ub=10.6301
	pushing: root=(22, 7); left=(19, 15); right=(23, 10); f=3.16228, g=0, lb=3.16228, ub=8.544
popped off: root=(22, 7); left=(19, 15); right=(23, 10); f=3.16228, g=0, lb=3.16228, ub=8.544
	pushing: root=(23, 10); left=(23.5769, 11.7308); right=(26, 10); f=4.90599, g=3.16228, lb=4.90599, ub=9.5654
	pushing: root=(22, 7); left=(19, 15); right=(23.5769, 11.7308); f=4.98667, g=0, lb=4.98667, ub=8.544
popped off: root=(17, 8); left=(23, 10); right=(18, 3); f=3.71992, g=0, lb=3.71992, ub=6.32456
	pushing: root=(17, 8); left=(23, 8); right=(18, 3); f=4.24264, g=0, lb=4.24264, ub=6
popped off: root=(20, 11); left=(18, 3); right=(15, 15); f=3.88057, g=0, lb=3.88057, ub=8.24621
	pushing: root=(20, 11); left=(15, 3); right=(15, 15); f=5, g=0, lb=5, ub=9.43398
popped off: root=(22, 7); left=(26, 7); right=(26, 3); f=4, g=0, lb=4, ub=5.65685
	pushing: root=(22, 7); left=(26, 7); right=(29, 3); f=4, g=0, lb=4, ub=8.06226
popped off: root=(22, 7); left=(26, 7); right=(29, 3); f=4, g=0, lb=4, ub=8.06226
	pushing: root=(22, 7); left=(31, 3); right=(29, 3); f=8.06226, g=0, lb=8.06226, ub=9.84886
	pushing: root=(22, 7); left=(26, 7); right=(31, 3); f=4, g=0, lb=4, ub=9.84886
popped off: root=(22, 7); left=(26, 7); right=(31, 3); f=4, g=0, lb=4, ub=9.84886
	pushing: root=(22, 7); left=(28.1429, 7); right=(31, 3); f=6.14286, g=0, lb=6.14286, ub=9.84886
	pushing: root=(26, 7); left=(26, 10); right=(28.1429, 7); f=5.74371, g=4, lb=5.74371, ub=10.4031
popped off: root=(20, 11); left=(19, 15); right=(31, 15); f=4, g=0, lb=4, ub=11.7047
	pushing: root=(20, 11); left=(19, 18); right=(31, 15); f=6.54846, g=0, lb=6.54846, ub=11.7047
popped off: root=(17, 8); left=(23, 8); right=(18, 3); f=4.24264, g=0, lb=4.24264, ub=6
	pushing: root=(17, 8); left=(20, 2); right=(18, 3); f=5.09902, g=0, lb=5.09902, ub=6.7082
	pushing: root=(17, 8); left=(23, 8); right=(20, 2); f=5.36656, g=0, lb=5.36656, ub=6.7082
popped off: root=(20, 11); left=(23, 8); right=(18, 3); f=4.24264, g=0, lb=4.24264, ub=8.24621
	pushing: root=(20, 11); left=(20, 2); right=(18, 3); f=8.24621, g=0, lb=8.24621, ub=9
	pushing: root=(20, 11); left=(23, 8); right=(20, 2); f=4.24264, g=0, lb=4.24264, ub=9
popped off: root=(20, 11); left=(23, 8); right=(20, 2); f=4.24264, g=0, lb=4.24264, ub=9
	pushing: root=(20, 11); left=(24, 7); right=(20, 2); f=5.65685, g=0, lb=5.65685, ub=9
	pushing: root=(23, 8); left=(23, 8); right=(24, 7); f=4.24264, g=4.24264, lb=4.24264, ub=5.65685
popped off: root=(32, 9); left=(31, 3); right=(26, 10); f=4.30116, g=0, lb=4.30116, ub=6.08276
	pushing: root=(32, 9); left=(31, 3); right=(26, 7); f=5.30991, g=0, lb=5.30991, ub=6.32456
popped off: root=(22, 7); left=(18, 3); right=(15, 15); f=4.85071, g=0, lb=4.85071, ub=10.6301
	pushing: root=(22, 7); left=(15, 3); right=(15, 15); f=7, g=0, lb=7, ub=10.6301
popped off: root=(17, 8); left=(15, 15); right=(23, 10); f=4.87599, g=0, lb=4.87599, ub=7.28011
	pushing: root=(17, 8); left=(19, 15); right=(23, 10); f=5.9346, g=0, lb=5.9346, ub=7.28011
popped off: root=(23, 10); left=(23.5769, 11.7308); right=(26, 10); f=4.90599, g=3.16228, lb=4.90599, ub=9.5654
	pushing: root=(23, 10); left=(31, 15); right=(26, 10); f=6.16228, g=3.16228, lb=6.16228, ub=12.5963
	pushing: root=(23, 10); left=(24.6667, 15); right=(31, 15); f=8.43274, g=3.16228, lb=8.43274, ub=12.5963
popped off: root=(32, 9); left=(26, 10); right=(31, 15); f=4.94975, g=0, lb=4.94975, ub=6.08276
	pushing: root=(32, 9); left=(19, 15); right=(31, 15); f=6.08276, g=0, lb=6.08276, ub=14.3178
	pushing: root=(32, 9); left=(26, 10); right=(19, 15); f=6.08276, g=0, lb=6.08276, ub=14.3178
popped off: root=(17, 8); left=(15, 3); right=(3, 15); f=4.94975, g=0, lb=4.94975, ub=15.6525
	pushing: root=(17, 8); left=(2, 3); right=(3, 15); f=14.533, g=0, lb=14.533, ub=15.8114
	pushing: root=(17, 8); left=(15, 3); right=(2, 3); f=5.38516, g=0, lb=5.38516, ub=15.8114
popped off: root=(22, 7); left=(19, 15); right=(23.5769, 11.7308); f=4.98667, g=0, lb=4.98667, ub=8.544
	pushing: root=(22, 7); left=(19, 15); right=(24.6667, 15); f=8, g=0, lb=8, ub=12.0416
popped off: root=(26, 24); left=(31, 31); right=(31, 19); f=5, g=0, lb=5, ub=8.60233
	pushing: root=(26, 24); left=(31, 31); right=(34, 19); f=6.54846, g=0, lb=6.54846, ub=9.43398
popped off: root=(20, 11); left=(15, 3); right=(15, 15); f=5, g=0, lb=5, ub=9.43398
	pushing: root=(20, 11); left=(3, 15); right=(15, 15); f=6.40312, g=0, lb=6.40312, ub=17.4642
	pushing: root=(20, 11); left=(15, 3); right=(3, 15); f=9.19239, g=0, lb=9.19239, ub=17.4642
popped off: root=(26, 24); left=(31, 19); right=(18, 19); f=5, g=0, lb=5, ub=9.43398
	pushing: root=(26, 24); left=(19, 18); right=(18, 19); f=9.21954, g=0, lb=9.21954, ub=9.43398
	pushing: root=(26, 24); left=(31, 19); right=(19, 18); f=5.39796, g=0, lb=5.39796, ub=9.21954
popped off: root=(22, 7); left=(26, 3); right=(23, 2); f=5.05964, g=0, lb=5.05964, ub=5.65685
	pushing: root=(22, 7); left=(26, 1); right=(23, 2); f=5.09902, g=0, lb=5.09902, ub=7.2111
popped off: root=(17, 8); left=(20, 2); right=(18, 3); f=5.09902, g=0, lb=5.09902, ub=6.7082
	pushing: root=(17, 8); left=(19, 2); right=(18, 3); f=5.09902, g=0, lb=5.09902, ub=6.32456
	pushing: root=(17, 8); left=(20, 2); right=(19, 2); f=6.32456, g=0, lb=6.32456, ub=6.7082
popped off: root=(17, 8); left=(19, 2); right=(18, 3); f=5.09902, g=0, lb=5.09902, ub=6.32456
popped off: root=(22, 7); left=(26, 1); right=(23, 2); f=5.09902, g=0, lb=5.09902, ub=7.2111
popped off: root=(32, 9); left=(31, 3); right=(26, 7); f=5.30991, g=0, lb=5.30991, ub=6.32456
	pushing: root=(32, 9); left=(29, 3); right=(26, 7); f=6, g=0, lb=6, ub=6.7082
	pushing: root=(32, 9); left=(31, 3); right=(29, 3); f=6.08276, g=0, lb=6.08276, ub=6.7082
popped off: root=(22, 7); left=(20, 2); right=(18, 3); f=5.36656, g=0, lb=5.36656, ub=5.65685
	pushing: root=(22, 7); left=(19, 2); right=(18, 3); f=5.65685, g=0, lb=5.65685, ub=5.83095
	pushing: root=(22, 7); left=(20, 2); right=(19, 2); f=5.38516, g=0, lb=5.38516, ub=5.83095
popped off: root=(17, 8); left=(23, 8); right=(20, 2); f=5.36656, g=0, lb=5.36656, ub=6.7082
	pushing: root=(17, 8); left=(24, 7); right=(20, 2); f=6.09078, g=0, lb=6.09078, ub=7.07107
	pushing: root=(17, 8); left=(23, 8); right=(24, 7); f=6, g=0, lb=6, ub=7.07107
popped off: root=(22, 7); left=(20, 2); right=(19, 2); f=5.38516, g=0, lb=5.38516, ub=5.83095
	pushing: root=(22, 7); left=(19.7143, 1.28571); right=(19, 2); f=5.83095, g=0, lb=5.83095, ub=6.32456
	pushing: root=(20, 2); left=(20, 1); right=(19.7143, 1.28571); f=6.15447, g=5.38516, lb=6.15447, ub=6.38516
popped off: root=(17, 8); left=(15, 3); right=(2, 3); f=5.38516, g=0, lb=5.38516, ub=15.8114
	pushing: root=(17, 8); left=(3, 2); right=(2, 3); f=15.2315, g=0, lb=15.2315, ub=15.8114
	pushing: root=(17, 8); left=(15, 3); right=(3, 2); f=5.38516, g=0, lb=5.38516, ub=15.2315
popped off: root=(17, 8); left=(15, 3); right=(3, 2); f=5.38516, g=0, lb=5.38516, ub=15.2315
	pushing: root=(17, 8); left=(14.2258, 1.06452); right=(3, 2); f=7.46974, g=0, lb=7.46974, ub=15.2315
	pushing: root=(15, 3); left=(15, 1); right=(14.2258, 1.06452); f=7.37826, g=5.38516, lb=7.37826, ub=17.4268
popped off: root=(26, 24); left=(31, 19); right=(19, 18); f=5.39796, g=0, lb=5.39796, ub=9.21954
	pushing: root=(26, 24); left=(31, 15); right=(19, 18); f=7.5186, g=0, lb=7.5186, ub=10.2956
popped off: root=(22, 7); left=(19, 2); right=(18, 3); f=5.65685, g=0, lb=5.65685, ub=5.83095
popped off: root=(26, 7); left=(26, 10); right=(28.1429, 7); f=5.74371, g=4, lb=5.74371, ub=10.4031
	pushing: root=(26, 7); left=(31, 15); right=(31, 7); f=9, g=4, lb=9, ub=13.434
	pushing: root=(26, 7); left=(26, 10); right=(31, 15); f=7, g=4, lb=7, ub=13.434
popped off: root=(22, 7); left=(19.7143, 1.28571); right=(19, 2); f=5.83095, g=0, lb=5.83095, ub=6.32456
popped off: root=(17, 8); left=(19, 15); right=(23, 10); f=5.9346, g=0, lb=5.9346, ub=7.28011
	pushing: root=(17, 8); left=(19, 15); right=(25.0455, 10.6818); f=6.85861, g=0, lb=6.85861, ub=9.21954
popped off: root=(32, 9); left=(29, 3); right=(26, 7); f=6, g=0, lb=6, ub=6.7082
	pushing: root=(32, 9); left=(26, 3); right=(26, 7); f=6.32456, g=0, lb=6.32456, ub=8.48528
popped off: root=(32, 9); left=(31, 3); right=(29, 3); f=6.08276, g=0, lb=6.08276, ub=6.7082
	pushing: root=(32, 9); left=(30, 2); right=(29, 3); f=6.7082, g=0, lb=6.7082, ub=7.28011
	pushing: root=(32, 9); left=(31, 3); right=(30, 2); f=6.08276, g=0, lb=6.08276, ub=7.28011
popped off: root=(32, 9); left=(31, 3); right=(30, 2); f=6.08276, g=0, lb=6.08276, ub=7.28011
	pushing: root=(32, 9); left=(30.7143, 1.28571); right=(30, 2); f=7.28011, g=0, lb=7.28011, ub=8.06226
	pushing: root=(31, 3); left=(31, 1); right=(30.7143, 1.28571); f=7.82069, g=6.08276, lb=7.82069, ub=8.08276
popped off: root=(20, 11); left=(31, 15); right=(26, 10); f=6.08276, g=0, lb=6.08276, ub=11.7047
	pushing: root=(26, 10); left=(31, 3); right=(26, 10); f=6.08276, g=6.08276, lb=6.08276, ub=14.6851
	pushing: root=(26, 10); left=(31, 9.16667); right=(31, 3); f=11.1517, g=6.08276, lb=11.1517, ub=14.6851
	pushing: root=(20, 11); left=(31, 15); right=(31, 9.16667); f=11, g=0, lb=11, ub=13.6015
popped off: root=(32, 9); left=(26, 10); right=(19, 15); f=6.08276, g=0, lb=6.08276, ub=14.3178
	pushing: root=(32, 9); left=(22.5385, 10.5769); right=(19, 15); f=9.59205, g=0, lb=9.59205, ub=14.3178
	pushing: root=(26, 10); left=(23, 10); right=(22.5385, 10.5769); f=9.08276, g=6.08276, lb=9.08276, ub=14.6851
popped off: root=(32, 9); left=(19, 15); right=(31, 15); f=6.08276, g=0, lb=6.08276, ub=14.3178
	pushing: root=(32, 9); left=(19, 18); right=(31, 15); f=6.08276, g=0, lb=6.08276, ub=15.8114
popped off: root=(26, 10); left=(31, 3); right=(26, 10); f=6.08276, g=6.08276, lb=6.08276, ub=14.6851
	pushing: root=(26, 10); left=(31, 3); right=(26, 7); f=9.08276, g=6.08276, lb=9.08276, ub=14.6851
popped off: root=(32, 9); left=(19, 18); right=(31, 15); f=6.08276, g=0, lb=6.08276, ub=15.8114
	pushing: root=(31, 15); left=(30.3425, 18.9452); right=(31, 19); f=10.0689, g=6.08276, lb=10.0689, ub=18.4521
	pushing: root=(32, 9); left=(19, 18); right=(30.3425, 18.9452); f=10.0824, g=0, lb=10.0824, ub=15.8114
popped off: root=(22, 7); left=(28.1429, 7); right=(31, 3); f=6.14286, g=0, lb=6.14286, ub=9.84886
	pushing: root=(22, 7); left=(31, 7); right=(31, 3); f=9, g=0, lb=9, ub=12.0416
popped off: root=(20, 2); left=(20, 1); right=(19.7143, 1.28571); f=6.15447, g=5.38516, lb=6.15447, ub=6.38516
popped off: root=(23, 10); left=(31, 15); right=(26, 10); f=6.16228, g=3.16228, lb=6.16228, ub=12.5963
	pushing: root=(23, 10); left=(31, 15); right=(31, 10); f=11.1623, g=3.16228, lb=11.1623, ub=13.7924
popped off: root=(32, 9); left=(26, 3); right=(26, 7); f=6.32456, g=0, lb=6.32456, ub=8.48528
	pushing: root=(32, 9); left=(26, 3); right=(24.2857, 6.42857); f=8.04984, g=0, lb=8.04984, ub=8.48528
popped off: root=(32, 9); left=(47, 3); right=(34, 3); f=6.32456, g=0, lb=6.32456, ub=16.1555
	pushing: root=(32, 9); left=(35, 2); right=(34, 3); f=6.32456, g=0, lb=6.32456, ub=7.61577
	pushing: root=(32, 9); left=(47, 3); right=(35, 2); f=7.61577, g=0, lb=7.61577, ub=16.1555
popped off: root=(32, 9); left=(35, 2); right=(34, 3); f=6.32456, g=0, lb=6.32456, ub=7.61577
popped off: root=(32, 9); left=(35, 15); right=(47, 3); f=6.36396, g=0, lb=6.36396, ub=16.1555
	pushing: root=(32, 9); left=(47, 15); right=(47, 3); f=15, g=0, lb=15, ub=16.1555
	pushing: root=(32, 9); left=(35, 15); right=(47, 15); f=6.7082, g=0, lb=6.7082, ub=16.1555
popped off: root=(20, 11); left=(3, 15); right=(15, 15); f=6.40312, g=0, lb=6.40312, ub=17.4642
	pushing: root=(20, 11); left=(3, 18); right=(15, 15); f=6.40312, g=0, lb=6.40312, ub=18.3848
popped off: root=(20, 11); left=(3, 18); right=(15, 15); f=6.40312, g=0, lb=6.40312, ub=18.3848
	pushing: root=(15, 15); left=(10.4717, 18.6226); right=(15, 19); f=10.3893, g=6.40312, lb=10.3893, ub=18.7724
	pushing: root=(20, 11); left=(3, 18); right=(10.4717, 18.6226); f=12.2022, g=0, lb=12.2022, ub=18.3848
popped off: root=(26, 24); left=(31, 31); right=(34, 19); f=6.54846, g=0, lb=6.54846, ub=9.43398
	pushing: root=(26, 24); left=(35, 31); right=(34, 19); f=8.38759, g=0, lb=8.38759, ub=11.4018
popped off: root=(20, 11); left=(19, 18); right=(31, 15); f=6.54846, g=0, lb=6.54846, ub=11.7047
	pushing: root=(20, 11); left=(19, 18); right=(31, 19); f=7.05887, g=0, lb=7.05887, ub=13.6015
popped off: root=(32, 9); left=(30, 2); right=(29, 3); f=6.7082, g=0, lb=6.7082, ub=7.28011
popped off: root=(32, 9); left=(35, 15); right=(47, 15); f=6.7082, g=0, lb=6.7082, ub=16.1555
	pushing: root=(32, 9); left=(36.3333, 17.6667); right=(47, 15); f=9.68963, g=0, lb=9.68963, ub=16.1555
	pushing: root=(35, 15); left=(35, 18); right=(36.3333, 17.6667); f=9.61863, g=6.7082, lb=9.61863, ub=18.7082
popped off: root=(17, 8); left=(19, 15); right=(25.0455, 10.6818); f=6.85861, g=0, lb=6.85861, ub=9.21954
	pushing: root=(17, 8); left=(31, 15); right=(27.5, 11.5); f=11.068, g=0, lb=11.068, ub=15.6525
	pushing: root=(17, 8); left=(19, 15); right=(31, 15); f=7.28011, g=0, lb=7.28011, ub=15.6525
popped off: root=(26, 24); left=(19, 31); right=(31, 31); f=7, g=0, lb=7, ub=9.89949
	pushing: root=(26, 24); left=(19, 34); right=(31, 31); f=8.00368, g=0, lb=8.00368, ub=12.2066
popped off: root=(22, 7); left=(15, 3); right=(15, 15); f=7, g=0, lb=7, ub=10.6301
	pushing: root=(22, 7); left=(3, 15); right=(15, 15); f=10.6301, g=0, lb=10.6301, ub=20.6155
	pushing: root=(22, 7); left=(15, 3); right=(3, 15); f=8.06226, g=0, lb=8.06226, ub=20.6155
popped off: root=(20, 11); left=(19, 18); right=(31, 19); f=7.05887, g=0, lb=7.05887, ub=13.6015
	pushing: root=(20, 11); left=(18.8571, 19); right=(31, 19); f=8, g=0, lb=8, ub=13.6015
	pushing: root=(19, 18); left=(18, 19); right=(18.8571, 19); f=8.08122, g=7.07107, lb=8.08122, ub=19.1127
	pushing: root=(19, 18); left=(19, 18); right=(18, 19); f=7.07107, g=7.07107, lb=7.07107, ub=8.48528
popped off: root=(19, 18); left=(19, 18); right=(18, 19); f=7.07107, g=7.07107, lb=7.07107, ub=8.48528
popped off: root=(32, 9); left=(30.7143, 1.28571); right=(30, 2); f=7.28011, g=0, lb=7.28011, ub=8.06226
popped off: root=(17, 8); left=(19, 15); right=(31, 15); f=7.28011, g=0, lb=7.28011, ub=15.6525
	pushing: root=(17, 8); left=(19.8, 17.8); right=(31, 15); f=10.1922, g=0, lb=10.1922, ub=15.6525
	pushing: root=(19, 15); left=(19, 18); right=(19.8, 17.8); f=10.1905, g=7.28011, lb=10.1905, ub=19.2801
popped off: root=(17, 8); left=(3, 15); right=(15, 15); f=7.28011, g=0, lb=7.28011, ub=15.6525
	pushing: root=(17, 8); left=(3, 18); right=(15, 15); f=7.28011, g=0, lb=7.28011, ub=17.2047
popped off: root=(17, 8); left=(3, 18); right=(15, 15); f=7.28011, g=0, lb=7.28011, ub=17.2047
	pushing: root=(17, 8); left=(3, 18); right=(13.8837, 18.907); f=11.3434, g=0, lb=11.3434, ub=17.2047
popped off: root=(15, 3); left=(15, 1); right=(14.2258, 1.06452); f=7.37826, g=5.38516, lb=7.37826, ub=17.4268
popped off: root=(17, 8); left=(14.2258, 1.06452); right=(3, 2); f=7.46974, g=0, lb=7.46974, ub=15.2315
popped off: root=(26, 24); left=(31, 15); right=(19, 18); f=7.5186, g=0, lb=7.5186, ub=10.2956
	pushing: root=(26, 24); left=(31, 15); right=(19, 15); f=9, g=0, lb=9, ub=11.4018
popped off: root=(26, 24); left=(18, 19); right=(19, 31); f=7.55714, g=0, lb=7.55714, ub=9.89949
	pushing: root=(26, 24); left=(18, 19); right=(15, 31); f=8.97382, g=0, lb=8.97382, ub=13.0384
popped off: root=(32, 9); left=(47, 3); right=(35, 2); f=7.61577, g=0, lb=7.61577, ub=16.1555
	pushing: root=(32, 9); left=(47, 1); right=(35, 2); f=7.61577, g=0, lb=7.61577, ub=17
popped off: root=(32, 9); left=(47, 1); right=(35, 2); f=7.61577, g=0, lb=7.61577, ub=17
popped off: root=(31, 3); left=(31, 1); right=(30.7143, 1.28571); f=7.82069, g=6.08276, lb=7.82069, ub=8.08276
popped off: root=(22, 7); left=(19, 15); right=(24.6667, 15); f=8, g=0, lb=8, ub=12.0416
	pushing: root=(22, 7); left=(19, 18); right=(25.1538, 16.4615); f=9.94396, g=0, lb=9.94396, ub=12.0416
popped off: root=(20, 11); left=(18.8571, 19); right=(31, 19); f=8, g=0, lb=8, ub=13.6015
	pushing: root=(20, 11); left=(19, 31); right=(31, 19); f=13.435, g=0, lb=13.435, ub=20.025
	pushing: root=(20, 11); left=(18.3158, 22.7895); right=(19, 31); f=11.9092, g=0, lb=11.9092, ub=20.025
popped off: root=(26, 24); left=(19, 34); right=(31, 31); f=8.00368, g=0, lb=8.00368, ub=12.2066
	pushing: root=(26, 24); left=(19, 34); right=(31, 35); f=10.5468, g=0, lb=10.5468, ub=12.2066
popped off: root=(32, 9); left=(26, 3); right=(24.2857, 6.42857); f=8.04984, g=0, lb=8.04984, ub=8.48528
	pushing: root=(32, 9); left=(23, 2); right=(23.8571, 6.28571); f=8.58333, g=0, lb=8.58333, ub=11.4018
	pushing: root=(32, 9); left=(26, 3); right=(23, 2); f=8.48528, g=0, lb=8.48528, ub=11.4018
popped off: root=(22, 7); left=(15, 3); right=(3, 15); f=8.06226, g=0, lb=8.06226, ub=20.6155
	pushing: root=(22, 7); left=(2, 3); right=(3, 15); f=19.5987, g=0, lb=19.5987, ub=20.6155
	pushing: root=(22, 7); left=(15, 3); right=(2, 3); f=8.06226, g=0, lb=8.06226, ub=20.3961
popped off: root=(22, 7); left=(15, 3); right=(2, 3); f=8.06226, g=0, lb=8.06226, ub=20.3961
	pushing: root=(22, 7); left=(3, 2); right=(2, 3); f=19.6469, g=0, lb=19.6469, ub=20.3961
	pushing: root=(22, 7); left=(15, 3); right=(3, 2); f=8.06226, g=0, lb=8.06226, ub=19.6469
popped off: root=(22, 7); left=(15, 3); right=(3, 2); f=8.06226, g=0, lb=8.06226, ub=19.6469
	pushing: root=(22, 7); left=(11.9455, 1.25455); right=(3, 2); f=11.5803, g=0, lb=11.5803, ub=19.6469
popped off: root=(19, 18); left=(18, 19); right=(18.8571, 19); f=8.08122, g=7.07107, lb=8.08122, ub=19.1127
	pushing: root=(19, 18); left=(18, 19); right=(18.3158, 22.7895); f=8.48528, g=7.07107, lb=8.48528, ub=20.0711
popped off: root=(26, 24); left=(35, 31); right=(34, 19); f=8.38759, g=0, lb=8.38759, ub=11.4018
	pushing: root=(26, 24); left=(47, 19); right=(34, 19); f=9.43398, g=0, lb=9.43398, ub=21.587
	pushing: root=(26, 24); left=(35, 31); right=(47, 19); f=11.4018, g=0, lb=11.4018, ub=21.587
popped off: root=(23, 10); left=(24.6667, 15); right=(31, 15); f=8.43274, g=3.16228, lb=8.43274, ub=12.5963
	pushing: root=(23, 10); left=(25.1538, 16.4615); right=(31, 15); f=9.97334, g=3.16228, lb=9.97334, ub=12.5963
popped off: root=(19, 18); left=(18, 19); right=(18.3158, 22.7895); f=8.48528, g=7.07107, lb=8.48528, ub=20.0711
	pushing: root=(19, 18); left=(18, 19); right=(15, 31); f=8.48528, g=7.07107, lb=8.48528, ub=20.6725
popped off: root=(19, 18); left=(18, 19); right=(15, 31); f=8.48528, g=7.07107, lb=8.48528, ub=20.6725
	pushing: root=(19, 18); left=(15, 22); right=(15, 31); f=12.7279, g=7.07107, lb=12.7279, ub=20.6725
	pushing: root=(18, 19); left=(15, 19); right=(15, 22); f=11.4853, g=8.48528, lb=11.4853, ub=20.8546
popped off: root=(32, 9); left=(23, 2); right=(23.8571, 6.28571); f=8.58333, g=0, lb=8.58333, ub=11.4018
	pushing: root=(32, 9); left=(20, 2); right=(23.2727, 6.09091); f=9.19935, g=0, lb=9.19935, ub=13.8924
popped off: root=(26, 24); left=(18, 19); right=(15, 31); f=8.97382, g=0, lb=8.97382, ub=13.0384
	pushing: root=(26, 24); left=(15, 19); right=(15, 31); f=11, g=0, lb=11, ub=13.0384
popped off: root=(26, 24); left=(31, 15); right=(19, 15); f=9, g=0, lb=9, ub=11.4018
	pushing: root=(26, 24); left=(26, 10); right=(19, 15); f=11.3923, g=0, lb=11.3923, ub=14
	pushing: root=(26, 24); left=(31, 15); right=(26, 10); f=10.2956, g=0, lb=10.2956, ub=14
popped off: root=(22, 7); left=(31, 7); right=(31, 3); f=9, g=0, lb=9, ub=12.0416
	pushing: root=(22, 7); left=(33, 7); right=(34, 3); f=11, g=0, lb=11, ub=12.6491
popped off: root=(26, 7); left=(31, 15); right=(31, 7); f=9, g=4, lb=9, ub=13.434
	pushing: root=(26, 7); left=(31, 15); right=(33, 7); f=10.791, g=4, lb=10.791, ub=13.434
popped off: root=(26, 10); left=(23, 10); right=(22.5385, 10.5769); f=9.08276, g=6.08276, lb=9.08276, ub=14.6851
	pushing: root=(26, 10); left=(23, 10); right=(21.9091, 10.6818); f=9.08276, g=6.08276, lb=9.08276, ub=18.1658
popped off: root=(26, 10); left=(23, 10); right=(21.9091, 10.6818); f=9.08276, g=6.08276, lb=9.08276, ub=18.1658
	pushing: root=(26, 10); left=(16.25, 10); right=(15.8261, 11.6957); f=15.8328, g=6.08276, lb=15.8328, ub=18.1658
popped off: root=(20, 11); left=(15, 3); right=(3, 15); f=9.19239, g=0, lb=9.19239, ub=17.4642
	pushing: root=(20, 11); left=(2, 3); right=(3, 15); f=17.2735, g=0, lb=17.2735, ub=19.6977
	pushing: root=(20, 11); left=(15, 3); right=(2, 3); f=9.43398, g=0, lb=9.43398, ub=19.6977
popped off: root=(32, 9); left=(20, 2); right=(23.2727, 6.09091); f=9.19935, g=0, lb=9.19935, ub=13.8924
	pushing: root=(32, 9); left=(20, 2); right=(21.8, 5.6); f=10.7517, g=0, lb=10.7517, ub=13.8924
popped off: root=(20, 11); left=(15, 3); right=(2, 3); f=9.43398, g=0, lb=9.43398, ub=19.6977
	pushing: root=(20, 11); left=(3, 2); right=(2, 3); f=19.2354, g=0, lb=19.2354, ub=19.6977
	pushing: root=(20, 11); left=(15, 3); right=(3, 2); f=9.43398, g=0, lb=9.43398, ub=19.2354
popped off: root=(20, 11); left=(15, 3); right=(3, 2); f=9.43398, g=0, lb=9.43398, ub=19.2354
	pushing: root=(20, 11); left=(13.8119, 1.09901); right=(3, 2); f=11.6757, g=0, lb=11.6757, ub=19.2354
popped off: root=(26, 24); left=(47, 19); right=(34, 19); f=9.43398, g=0, lb=9.43398, ub=21.587
	pushing: root=(34, 19); left=(35, 18); right=(34, 19); f=9.43398, g=9.43398, lb=9.43398, ub=10.8482
	pushing: root=(34, 19); left=(35.5294, 18.0441); right=(35, 18); f=10.8482, g=9.43398, lb=10.8482, ub=22.434
	pushing: root=(26, 24); left=(47, 19); right=(35.5294, 18.0441); f=11.2375, g=0, lb=11.2375, ub=21.587
popped off: root=(34, 19); left=(35, 18); right=(34, 19); f=9.43398, g=9.43398, lb=9.43398, ub=10.8482
popped off: root=(32, 9); left=(22.5385, 10.5769); right=(19, 15); f=9.59205, g=0, lb=9.59205, ub=14.3178
	pushing: root=(32, 9); left=(21.9091, 10.6818); right=(15, 15); f=10.2301, g=0, lb=10.2301, ub=18.0278
popped off: root=(35, 15); left=(35, 18); right=(36.3333, 17.6667); f=9.61863, g=6.7082, lb=9.61863, ub=18.7082
	pushing: root=(35, 15); left=(35, 18); right=(36.5652, 18.1304); f=9.7082, g=6.7082, lb=9.7082, ub=19.3573
popped off: root=(32, 9); left=(36.3333, 17.6667); right=(47, 15); f=9.68963, g=0, lb=9.68963, ub=16.1555
	pushing: root=(32, 9); left=(36.5652, 18.1304); right=(47, 19); f=10.2081, g=0, lb=10.2081, ub=18.0278
popped off: root=(35, 15); left=(35, 18); right=(36.5652, 18.1304); f=9.7082, g=6.7082, lb=9.7082, ub=19.3573
	pushing: root=(35, 15); left=(35, 19); right=(37, 19); f=10.7082, g=6.7082, lb=10.7082, ub=19.3573
	pushing: root=(35, 18); left=(34, 19); right=(35, 19); f=10.7082, g=9.7082, lb=10.7082, ub=21.7498
	pushing: root=(35, 18); left=(35, 18); right=(34, 19); f=9.7082, g=9.7082, lb=9.7082, ub=11.1224
popped off: root=(35, 18); left=(35, 18); right=(34, 19); f=9.7082, g=9.7082, lb=9.7082, ub=11.1224
popped off: root=(22, 7); left=(19, 18); right=(25.1538, 16.4615); f=9.94396, g=0, lb=9.94396, ub=12.0416
	pushing: root=(22, 7); left=(19, 18); right=(25.8571, 18.5714); f=11.2111, g=0, lb=11.2111, ub=15
popped off: root=(23, 10); left=(25.1538, 16.4615); right=(31, 15); f=9.97334, g=3.16228, lb=9.97334, ub=12.5963
	pushing: root=(23, 10); left=(25.8571, 18.5714); right=(31, 19); f=12.1974, g=3.16228, lb=12.1974, ub=15.2039
popped off: root=(31, 15); left=(30.3425, 18.9452); right=(31, 19); f=10.0689, g=6.08276, lb=10.0689, ub=18.4521
	pushing: root=(31, 15); left=(30.3333, 19); right=(31, 19); f=10.0828, g=6.08276, lb=10.0828, ub=19.6842
popped off: root=(32, 9); left=(19, 18); right=(30.3425, 18.9452); f=10.0824, g=0, lb=10.0824, ub=15.8114
	pushing: root=(32, 9); left=(18, 19); right=(30.3333, 19); f=10.1379, g=0, lb=10.1379, ub=17.2047
	pushing: root=(32, 9); left=(19, 18); right=(18, 19); f=15.8114, g=0, lb=15.8114, ub=17.2047
popped off: root=(31, 15); left=(30.3333, 19); right=(31, 19); f=10.0828, g=6.08276, lb=10.0828, ub=19.6842
	pushing: root=(31, 15); left=(30.2, 19.8); right=(31, 19); f=10.0828, g=6.08276, lb=10.0828, ub=26.0828
popped off: root=(31, 15); left=(30.2, 19.8); right=(31, 19); f=10.0828, g=6.08276, lb=10.0828, ub=26.0828
	pushing: root=(31, 19); left=(31, 31); right=(31, 19); f=10.0828, g=10.0828, lb=10.0828, ub=22.0828
	pushing: root=(31, 15); left=(28.3333, 31); right=(31, 31); f=22.0828, g=6.08276, lb=22.0828, ub=26.0828
popped off: root=(32, 9); left=(18, 19); right=(30.3333, 19); f=10.1379, g=0, lb=10.1379, ub=17.2047
	pushing: root=(32, 9); left=(19, 31); right=(30.2, 19.8); f=10.949, g=0, lb=10.949, ub=25.5539
	pushing: root=(32, 9); left=(18, 19); right=(19, 31); f=17.2047, g=0, lb=17.2047, ub=25.5539
popped off: root=(19, 15); left=(19, 18); right=(19.8, 17.8); f=10.1905, g=7.28011, lb=10.1905, ub=19.2801
	pushing: root=(19, 15); left=(19, 18); right=(19.878, 18.0732); f=10.2801, g=7.28011, lb=10.2801, ub=19.9292
popped off: root=(17, 8); left=(19.8, 17.8); right=(31, 15); f=10.1922, g=0, lb=10.1922, ub=15.6525
	pushing: root=(17, 8); left=(19.878, 18.0732); right=(31, 19); f=10.4763, g=0, lb=10.4763, ub=17.8045
popped off: root=(32, 9); left=(36.5652, 18.1304); right=(47, 19); f=10.2081, g=0, lb=10.2081, ub=18.0278
	pushing: root=(32, 9); left=(37, 19); right=(47, 19); f=11.1803, g=0, lb=11.1803, ub=18.0278
popped off: root=(32, 9); left=(21.9091, 10.6818); right=(15, 15); f=10.2301, g=0, lb=10.2301, ub=18.0278
	pushing: root=(32, 9); left=(15.8261, 11.6957); right=(15, 15); f=16.397, g=0, lb=16.397, ub=18.0278
popped off: root=(19, 15); left=(19, 18); right=(19.878, 18.0732); f=10.2801, g=7.28011, lb=10.2801, ub=19.9292
	pushing: root=(19, 15); left=(19, 19); right=(20.1429, 19); f=11.2801, g=7.28011, lb=11.2801, ub=19.9292
popped off: root=(26, 24); left=(31, 15); right=(26, 10); f=10.2956, g=0, lb=10.2956, ub=14
	pushing: root=(26, 24); left=(31, 3); right=(26, 10); f=14, g=0, lb=14, ub=21.587
	pushing: root=(26, 24); left=(31, 15); right=(31, 3); f=10.2956, g=0, lb=10.2956, ub=21.587
popped off: root=(26, 24); left=(31, 15); right=(31, 3); f=10.2956, g=0, lb=10.2956, ub=21.587
	pushing: root=(26, 24); left=(31, 15); right=(34, 3); f=10.2956, g=0, lb=10.2956, ub=22.4722
popped off: root=(26, 24); left=(31, 15); right=(34, 3); f=10.2956, g=0, lb=10.2956, ub=22.4722
	pushing: root=(26, 24); left=(34.4783, 8.73913); right=(34, 3); f=17.4578, g=0, lb=17.4578, ub=22.4722
popped off: root=(15, 15); left=(10.4717, 18.6226); right=(15, 19); f=10.3893, g=6.40312, lb=10.3893, ub=18.7724
	pushing: root=(15, 15); left=(6.875, 21.5); right=(15, 19); f=10.4031, g=6.40312, lb=10.4031, ub=21.6675
popped off: root=(15, 15); left=(6.875, 21.5); right=(15, 19); f=10.4031, g=6.40312, lb=10.4031, ub=21.6675
	pushing: root=(15, 15); left=(3, 27); right=(15, 19); f=10.4031, g=6.40312, lb=10.4031, ub=23.3737
	pushing: root=(15, 15); left=(2.5, 25); right=(3, 27); f=22.4109, g=6.40312, lb=22.4109, ub=23.3737
popped off: root=(15, 15); left=(3, 27); right=(15, 19); f=10.4031, g=6.40312, lb=10.4031, ub=23.3737
	pushing: root=(15, 19); left=(15, 31); right=(15, 19); f=10.4031, g=10.4031, lb=10.4031, ub=22.4031
	pushing: root=(15, 15); left=(3, 27); right=(15, 31); f=21.5821, g=6.40312, lb=21.5821, ub=23.3737
popped off: root=(15, 19); left=(15, 31); right=(15, 19); f=10.4031, g=10.4031, lb=10.4031, ub=22.4031
	pushing: root=(15, 19); left=(15, 31); right=(18, 19); f=13.3136, g=10.4031, lb=13.3136, ub=22.4031
popped off: root=(17, 8); left=(19.878, 18.0732); right=(31, 19); f=10.4763, g=0, lb=10.4763, ub=17.8045
	pushing: root=(17, 8); left=(20.1429, 19); right=(31, 19); f=11.4402, g=0, lb=11.4402, ub=17.8045
popped off: root=(26, 24); left=(19, 34); right=(31, 35); f=10.5468, g=0, lb=10.5468, ub=12.2066
	pushing: root=(26, 24); left=(26, 46); right=(31, 35); f=12.083, g=0, lb=12.083, ub=22
	pushing: root=(26, 24); left=(19, 34); right=(26, 46); f=12.2066, g=0, lb=12.2066, ub=22
popped off: root=(22, 7); left=(3, 15); right=(15, 15); f=10.6301, g=0, lb=10.6301, ub=20.6155
	pushing: root=(22, 7); left=(3, 18); right=(15, 15); f=10.6301, g=0, lb=10.6301, ub=21.9545
popped off: root=(22, 7); left=(3, 18); right=(15, 15); f=10.6301, g=0, lb=10.6301, ub=21.9545
	pushing: root=(22, 7); left=(3, 18); right=(11.7379, 18.7282); f=15.584, g=0, lb=15.584, ub=21.9545
popped off: root=(35, 15); left=(35, 19); right=(37, 19); f=10.7082, g=6.7082, lb=10.7082, ub=19.3573
	pushing: root=(35, 15); left=(35, 31); right=(40.3333, 25.6667); f=18.6339, g=6.7082, lb=18.6339, ub=22.7082
popped off: root=(35, 18); left=(34, 19); right=(35, 19); f=10.7082, g=9.7082, lb=10.7082, ub=21.7498
	pushing: root=(35, 18); left=(34, 19); right=(35, 31); f=11.1224, g=9.7082, lb=11.1224, ub=22.7082
popped off: root=(32, 9); left=(20, 2); right=(21.8, 5.6); f=10.7517, g=0, lb=10.7517, ub=13.8924
	pushing: root=(32, 9); left=(18, 3); right=(20, 5); f=12.6491, g=0, lb=12.6491, ub=15.2315
	pushing: root=(32, 9); left=(20, 2); right=(18, 3); f=13.8924, g=0, lb=13.8924, ub=15.2315
popped off: root=(34, 19); left=(35.5294, 18.0441); right=(35, 18); f=10.8482, g=9.43398, lb=10.8482, ub=22.434
	pushing: root=(34, 19); left=(36, 17.75); right=(35, 18); f=10.8482, g=9.43398, lb=10.8482, ub=23.0355
popped off: root=(34, 19); left=(36, 17.75); right=(35, 18); f=10.8482, g=9.43398, lb=10.8482, ub=23.0355
	pushing: root=(34, 19); left=(40.4, 15); right=(38, 15); f=15.0908, g=9.43398, lb=15.0908, ub=23.0355
popped off: root=(32, 9); left=(19, 31); right=(30.2, 19.8); f=10.949, g=0, lb=10.949, ub=25.5539
	pushing: root=(32, 9); left=(19, 31); right=(28.3333, 31); f=22.3035, g=0, lb=22.3035, ub=25.5539
popped off: root=(22, 7); left=(33, 7); right=(34, 3); f=11, g=0, lb=11, ub=12.6491
	pushing: root=(22, 7); left=(34.3333, 7); right=(34, 3); f=12.2907, g=0, lb=12.2907, ub=15.2643
popped off: root=(26, 24); left=(15, 19); right=(15, 31); f=11, g=0, lb=11, ub=13.0384
	pushing: root=(26, 24); left=(3, 27); right=(15, 31); f=13.0384, g=0, lb=13.0384, ub=23.1948
	pushing: root=(26, 24); left=(15, 19); right=(3, 27); f=12.083, g=0, lb=12.083, ub=23.1948
popped off: root=(20, 11); left=(31, 15); right=(31, 9.16667); f=11, g=0, lb=11, ub=13.6015
	pushing: root=(20, 11); left=(31, 15); right=(32.5217, 8.91304); f=11.6417, g=0, lb=11.6417, ub=16.1245
popped off: root=(17, 8); left=(31, 15); right=(27.5, 11.5); f=11.068, g=0, lb=11.068, ub=15.6525
	pushing: root=(17, 8); left=(31, 15); right=(31, 12.6667); f=14.7573, g=0, lb=14.7573, ub=15.6525
popped off: root=(35, 18); left=(34, 19); right=(35, 31); f=11.1224, g=9.7082, lb=11.1224, ub=22.7082
	pushing: root=(35, 18); left=(34, 19); right=(31, 31); f=11.1224, g=9.7082, lb=11.1224, ub=23.3097
popped off: root=(35, 18); left=(34, 19); right=(31, 31); f=11.1224, g=9.7082, lb=11.1224, ub=23.3097
	pushing: root=(35, 18); left=(31, 22); right=(31, 31); f=15.3651, g=9.7082, lb=15.3651, ub=23.3097
popped off: root=(26, 10); left=(31, 9.16667); right=(31, 3); f=11.1517, g=6.08276, lb=11.1517, ub=14.6851
	pushing: root=(26, 10); left=(32.5217, 8.91304); right=(34, 3); f=12.6945, g=6.08276, lb=12.6945, ub=16.7129
popped off: root=(23, 10); left=(31, 15); right=(31, 10); f=11.1623, g=3.16228, lb=11.1623, ub=13.7924
	pushing: root=(23, 10); left=(31, 15); right=(32.25, 10); f=12.1361, g=3.16228, lb=12.1361, ub=16.2007
popped off: root=(32, 9); left=(37, 19); right=(47, 19); f=11.1803, g=0, lb=11.1803, ub=18.0278
	pushing: root=(32, 9); left=(40.3333, 25.6667); right=(47, 19); f=17.6777, g=0, lb=17.6777, ub=22.2036
popped off: root=(22, 7); left=(19, 18); right=(25.8571, 18.5714); f=11.2111, g=0, lb=11.2111, ub=15
	pushing: root=(22, 7); left=(18.7273, 19); right=(26, 19); f=12, g=0, lb=12, ub=15
popped off: root=(26, 24); left=(47, 19); right=(35.5294, 18.0441); f=11.2375, g=0, lb=11.2375, ub=21.587
	pushing: root=(26, 24); left=(47, 15); right=(36, 17.75); f=11.7925, g=0, lb=11.7925, ub=22.8473
popped off: root=(19, 15); left=(19, 19); right=(20.1429, 19); f=11.2801, g=7.28011, lb=11.2801, ub=19.9292
	pushing: root=(19, 15); left=(19, 31); right=(22.5556, 27.4444); f=20.2225, g=7.28011, lb=20.2225, ub=23.2801
popped off: root=(17, 8); left=(3, 18); right=(13.8837, 18.907); f=11.3434, g=0, lb=11.3434, ub=17.2047
	pushing: root=(17, 8); left=(2, 23); right=(13.747, 19.3855); f=11.8411, g=0, lb=11.8411, ub=21.2132
	pushing: root=(17, 8); left=(3, 18); right=(2, 23); f=17.2047, g=0, lb=17.2047, ub=21.2132
popped off: root=(26, 24); left=(26, 10); right=(19, 15); f=11.3923, g=0, lb=11.3923, ub=14
	pushing: root=(26, 24); left=(23, 10); right=(19, 15); f=11.4018, g=0, lb=11.4018, ub=14.3178
popped off: root=(26, 24); left=(23, 10); right=(19, 15); f=11.4018, g=0, lb=11.4018, ub=14.3178
	pushing: root=(26, 24); left=(23, 10); right=(17.6916, 13.3178); f=13.462, g=0, lb=13.462, ub=14.3178
popped off: root=(26, 24); left=(35, 31); right=(47, 19); f=11.4018, g=0, lb=11.4018, ub=21.587
	pushing: root=(26, 24); left=(47, 31); right=(47, 19); f=21, g=0, lb=21, ub=22.1359
	pushing: root=(26, 24); left=(35, 31); right=(47, 31); f=11.4018, g=0, lb=11.4018, ub=22.1359
popped off: root=(26, 24); left=(35, 31); right=(47, 31); f=11.4018, g=0, lb=11.4018, ub=22.1359
	pushing: root=(26, 24); left=(37.9189, 33.2703); right=(47, 31); f=15.0996, g=0, lb=15.0996, ub=22.1359
	pushing: root=(35, 31); left=(35, 34); right=(37.9189, 33.2703); f=14.3122, g=11.4018, lb=14.3122, ub=23.4018
popped off: root=(17, 8); left=(20.1429, 19); right=(31, 19); f=11.4402, g=0, lb=11.4402, ub=17.8045
	pushing: root=(17, 8); left=(22.5556, 27.4444); right=(31, 19); f=17.6777, g=0, lb=17.6777, ub=23.0868
popped off: root=(18, 19); left=(15, 19); right=(15, 22); f=11.4853, g=8.48528, lb=11.4853, ub=20.8546
	pushing: root=(18, 19); left=(3, 27); right=(8.25, 28.75); f=22.2739, g=8.48528, lb=22.2739, ub=25.4853
	pushing: root=(18, 19); left=(15, 19); right=(3, 27); f=11.4853, g=8.48528, lb=11.4853, ub=25.4853
popped off: root=(18, 19); left=(15, 19); right=(3, 27); f=11.4853, g=8.48528, lb=11.4853, ub=25.4853
	pushing: root=(18, 19); left=(2, 23); right=(3, 27); f=24.9777, g=8.48528, lb=24.9777, ub=25.4853
	pushing: root=(18, 19); left=(15, 19); right=(2, 23); f=11.4853, g=8.48528, lb=11.4853, ub=24.9777
popped off: root=(18, 19); left=(15, 19); right=(2, 23); f=11.4853, g=8.48528, lb=11.4853, ub=24.9777
	pushing: root=(18, 19); left=(2.8, 19); right=(2, 23); f=23.6853, g=8.48528, lb=23.6853, ub=24.9777
popped off: root=(22, 7); left=(11.9455, 1.25455); right=(3, 2); f=11.5803, g=0, lb=11.5803, ub=19.6469
popped off: root=(20, 11); left=(13.8119, 1.09901); right=(3, 2); f=11.6757, g=0, lb=11.6757, ub=19.2354
popped off: root=(26, 24); left=(47, 15); right=(36, 17.75); f=11.7925, g=0, lb=11.7925, ub=22.8473
	pushing: root=(26, 24); left=(47, 15); right=(40.4, 15); f=16.9812, g=0, lb=16.9812, ub=22.8473
popped off: root=(17, 8); left=(2, 23); right=(13.747, 19.3855); f=11.8411, g=0, lb=11.8411, ub=21.2132
	pushing: root=(17, 8); left=(3, 27); right=(13.5882, 19.9412); f=12.419, g=0, lb=12.419, ub=23.6008
	pushing: root=(17, 8); left=(2, 23); right=(3, 27); f=21.2132, g=0, lb=21.2132, ub=23.6008
popped off: root=(20, 11); left=(18.3158, 22.7895); right=(19, 31); f=11.9092, g=0, lb=11.9092, ub=20.025
popped off: root=(22, 7); left=(18.7273, 19); right=(26, 19); f=12, g=0, lb=12, ub=15
	pushing: root=(22, 7); left=(19, 31); right=(27.25, 22.75); f=16.602, g=0, lb=16.602, ub=24.1868
	pushing: root=(22, 7); left=(18.1702, 21.0426); right=(19, 31); f=14.5554, g=0, lb=14.5554, ub=24.1868
popped off: root=(26, 24); left=(26, 46); right=(31, 35); f=12.083, g=0, lb=12.083, ub=22
	pushing: root=(26, 24); left=(29, 46); right=(31, 35); f=12.083, g=0, lb=12.083, ub=22.2036
popped off: root=(26, 24); left=(29, 46); right=(31, 35); f=12.083, g=0, lb=12.083, ub=22.2036
	pushing: root=(31, 35); left=(32.5, 38.3); right=(34, 35); f=14.8141, g=12.083, lb=14.8141, ub=23.2634
	pushing: root=(26, 24); left=(29, 46); right=(32.5, 38.3); f=15.708, g=0, lb=15.708, ub=22.2036
popped off: root=(26, 24); left=(15, 19); right=(3, 27); f=12.083, g=0, lb=12.083, ub=23.1948
	pushing: root=(26, 24); left=(2, 23); right=(3, 27); f=23.1948, g=0, lb=23.1948, ub=24.0208
	pushing: root=(26, 24); left=(15, 19); right=(2, 23); f=12.083, g=0, lb=12.083, ub=24.0208
popped off: root=(26, 24); left=(15, 19); right=(2, 23); f=12.083, g=0, lb=12.083, ub=24.0208
	pushing: root=(26, 24); left=(3, 18); right=(2, 23); f=23.7301, g=0, lb=23.7301, ub=24.0208
	pushing: root=(26, 24); left=(15, 19); right=(3, 18); f=12.083, g=0, lb=12.083, ub=23.7697
popped off: root=(26, 24); left=(15, 19); right=(3, 18); f=12.083, g=0, lb=12.083, ub=23.7697
	pushing: root=(26, 24); left=(9.32258, 16.4194); right=(3, 18); f=18.3195, g=0, lb=18.3195, ub=23.7697
popped off: root=(23, 10); left=(25.8571, 18.5714); right=(31, 19); f=12.1974, g=3.16228, lb=12.1974, ub=15.2039
	pushing: root=(23, 10); left=(26, 19); right=(31, 19); f=12.6491, g=3.16228, lb=12.6491, ub=15.2039
popped off: root=(20, 11); left=(3, 18); right=(10.4717, 18.6226); f=12.2022, g=0, lb=12.2022, ub=18.3848
	pushing: root=(20, 11); left=(2, 23); right=(6.875, 21.5); f=16.8082, g=0, lb=16.8082, ub=21.6333
	pushing: root=(20, 11); left=(3, 18); right=(2, 23); f=18.3848, g=0, lb=18.3848, ub=21.6333
popped off: root=(26, 24); left=(19, 34); right=(26, 46); f=12.2066, g=0, lb=12.2066, ub=22
	pushing: root=(26, 24); left=(23, 46); right=(26, 46); f=22, g=0, lb=22, ub=22.2036
	pushing: root=(26, 24); left=(19, 34); right=(23, 46); f=12.2066, g=0, lb=12.2066, ub=22.2036
popped off: root=(26, 24); left=(19, 34); right=(23, 46); f=12.2066, g=0, lb=12.2066, ub=22.2036
	pushing: root=(26, 24); left=(18.1181, 35.2598); right=(23, 46); f=13.7444, g=0, lb=13.7444, ub=22.2036
	pushing: root=(19, 34); left=(18, 35); right=(18.1181, 35.2598); f=13.6208, g=12.2066, lb=13.6208, ub=24.8557
	pushing: root=(19, 34); left=(19, 34); right=(18, 35); f=12.2066, g=12.2066, lb=12.2066, ub=13.6208
popped off: root=(19, 34); left=(19, 34); right=(18, 35); f=12.2066, g=12.2066, lb=12.2066, ub=13.6208
popped off: root=(17, 8); left=(3, 27); right=(13.5882, 19.9412); f=12.419, g=0, lb=12.419, ub=23.6008
	pushing: root=(17, 8); left=(3, 27); right=(10.8261, 29.6087); f=22.4522, g=0, lb=22.4522, ub=23.6008
popped off: root=(32, 9); left=(18, 3); right=(20, 5); f=12.6491, g=0, lb=12.6491, ub=15.2315
	pushing: root=(32, 9); left=(18, 3); right=(19.25, 4.75); f=13.4397, g=0, lb=13.4397, ub=15.2315
popped off: root=(23, 10); left=(26, 19); right=(31, 19); f=12.6491, g=3.16228, lb=12.6491, ub=15.2039
	pushing: root=(23, 10); left=(27.25, 22.75); right=(31, 19); f=15.2039, g=3.16228, lb=15.2039, ub=24.5398
popped off: root=(26, 10); left=(32.5217, 8.91304); right=(34, 3); f=12.6945, g=6.08276, lb=12.6945, ub=16.7129
	pushing: root=(26, 10); left=(34.4658, 8.58904); right=(34, 3); f=14.6653, g=6.08276, lb=14.6653, ub=16.7129
popped off: root=(19, 18); left=(15, 22); right=(15, 31); f=12.7279, g=7.07107, lb=12.7279, ub=20.6725
	pushing: root=(19, 18); left=(8.25, 28.75); right=(15, 31); f=20.6689, g=7.07107, lb=20.6689, ub=25.4286
popped off: root=(26, 24); left=(3, 27); right=(15, 31); f=13.0384, g=0, lb=13.0384, ub=23.1948
	pushing: root=(26, 24); left=(3, 30); right=(15, 31); f=13.0384, g=0, lb=13.0384, ub=23.7697
popped off: root=(26, 24); left=(3, 30); right=(15, 31); f=13.0384, g=0, lb=13.0384, ub=23.7697
	pushing: root=(26, 24); left=(3, 31); right=(15, 31); f=13.0384, g=0, lb=13.0384, ub=24.0416
	pushing: root=(26, 24); left=(3, 30); right=(3, 31); f=23.7697, g=0, lb=23.7697, ub=24.0416
popped off: root=(26, 24); left=(3, 31); right=(15, 31); f=13.0384, g=0, lb=13.0384, ub=24.0416
	pushing: root=(26, 24); left=(3, 34); right=(15, 31); f=13.0384, g=0, lb=13.0384, ub=25.0799
popped off: root=(26, 24); left=(3, 34); right=(15, 31); f=13.0384, g=0, lb=13.0384, ub=25.0799
	pushing: root=(15, 31); left=(9.44211, 34.5368); right=(15, 35); f=17.0246, g=13.0384, lb=17.0246, ub=25.4077
	pushing: root=(26, 24); left=(3, 34); right=(9.44211, 34.5368); f=19.6262, g=0, lb=19.6262, ub=25.0799
popped off: root=(15, 19); left=(15, 31); right=(18, 19); f=13.3136, g=10.4031, lb=13.3136, ub=22.4031
	pushing: root=(15, 19); left=(19, 31); right=(18, 19); f=13.4031, g=10.4031, lb=13.4031, ub=23.0522
popped off: root=(15, 19); left=(19, 31); right=(18, 19); f=13.4031, g=10.4031, lb=13.4031, ub=23.0522
	pushing: root=(15, 19); left=(19, 31); right=(31, 19); f=21.7168, g=10.4031, lb=21.7168, ub=26.4031
popped off: root=(20, 11); left=(19, 31); right=(31, 19); f=13.435, g=0, lb=13.435, ub=20.025
	pushing: root=(20, 11); left=(31, 31); right=(31, 19); f=13.6015, g=0, lb=13.6015, ub=22.8254
	pushing: root=(20, 11); left=(19, 31); right=(31, 31); f=20, g=0, lb=20, ub=22.8254
popped off: root=(32, 9); left=(18, 3); right=(19.25, 4.75); f=13.4397, g=0, lb=13.4397, ub=15.2315
	pushing: root=(32, 9); left=(18, 3); right=(17.6923, 4.23077); f=15.0816, g=0, lb=15.0816, ub=18.0278
popped off: root=(26, 24); left=(23, 10); right=(17.6916, 13.3178); f=13.462, g=0, lb=13.462, ub=14.3178
	pushing: root=(26, 24); left=(18, 3); right=(15.973, 11.1081); f=16.3322, g=0, lb=16.3322, ub=22.4722
	pushing: root=(26, 24); left=(23, 10); right=(18, 3); f=14.3178, g=0, lb=14.3178, ub=22.4722
popped off: root=(19, 34); left=(18, 35); right=(18.1181, 35.2598); f=13.6208, g=12.2066, lb=13.6208, ub=24.8557
	pushing: root=(19, 34); left=(18, 35); right=(18.0619, 35.3402); f=13.6208, g=12.2066, lb=13.6208, ub=24.2482
popped off: root=(19, 34); left=(18, 35); right=(18.0619, 35.3402); f=13.6208, g=12.2066, lb=13.6208, ub=24.2482
	pushing: root=(19, 34); left=(15.9375, 37.0625); right=(16.2992, 37.8583); f=16.5376, g=12.2066, lb=16.5376, ub=24.2482
	pushing: root=(18, 35); left=(15, 35); right=(15.9375, 37.0625); f=16.3519, g=13.6208, lb=16.3519, ub=24.8011
popped off: root=(26, 24); left=(18.1181, 35.2598); right=(23, 46); f=13.7444, g=0, lb=13.7444, ub=22.2036
	pushing: root=(26, 24); left=(18.0619, 35.3402); right=(20, 46); f=13.8425, g=0, lb=13.8425, ub=22.8035
popped off: root=(26, 24); left=(18.0619, 35.3402); right=(20, 46); f=13.8425, g=0, lb=13.8425, ub=22.8035
	pushing: root=(26, 24); left=(16.2992, 37.8583); right=(20, 46); f=16.9162, g=0, lb=16.9162, ub=22.8035
popped off: root=(26, 24); left=(31, 3); right=(26, 10); f=14, g=0, lb=14, ub=21.587
	pushing: root=(26, 24); left=(31, 3); right=(26, 7); f=17, g=0, lb=17, ub=21.587
popped off: root=(35, 31); left=(35, 34); right=(37.9189, 33.2703); f=14.3122, g=11.4018, lb=14.3122, ub=23.4018
	pushing: root=(35, 31); left=(35, 34); right=(39.32, 34.36); f=14.4018, g=11.4018, lb=14.4018, ub=24.0509
popped off: root=(35, 31); left=(35, 34); right=(39.32, 34.36); f=14.4018, g=11.4018, lb=14.4018, ub=24.0509
	pushing: root=(35, 31); left=(35, 35); right=(40.1429, 35); f=15.4018, g=11.4018, lb=15.4018, ub=24.0509
	pushing: root=(35, 34); left=(34, 35); right=(35, 35); f=15.4018, g=14.4018, lb=15.4018, ub=26.4433
	pushing: root=(35, 34); left=(35, 34); right=(34, 35); f=14.4018, g=14.4018, lb=14.4018, ub=15.816
popped off: root=(35, 34); left=(35, 34); right=(34, 35); f=14.4018, g=14.4018, lb=14.4018, ub=15.816
popped off: root=(17, 8); left=(2, 3); right=(3, 15); f=14.533, g=0, lb=14.533, ub=15.8114
	pushing: root=(17, 8); left=(2, 3); right=(1, 15); f=15.3634, g=0, lb=15.3634, ub=17.4642
popped off: root=(22, 7); left=(18.1702, 21.0426); right=(19, 31); f=14.5554, g=0, lb=14.5554, ub=24.1868
popped off: root=(17, 8); left=(31, 15); right=(31, 12.6667); f=14.7573, g=0, lb=14.7573, ub=15.6525
	pushing: root=(17, 8); left=(31, 15); right=(31.5385, 12.8462); f=15.3249, g=0, lb=15.3249, ub=17.72
popped off: root=(31, 35); left=(32.5, 38.3); right=(34, 35); f=14.8141, g=12.083, lb=14.8141, ub=23.2634
	pushing: root=(31, 35); left=(32.9355, 39.2581); right=(34, 35); f=14.9935, g=12.083, lb=14.9935, ub=24.083
popped off: root=(31, 35); left=(32.9355, 39.2581); right=(34, 35); f=14.9935, g=12.083, lb=14.9935, ub=24.083
	pushing: root=(31, 35); left=(34.6735, 43.0816); right=(34, 35); f=15.083, g=12.083, lb=15.083, ub=24.7322
popped off: root=(32, 9); left=(47, 15); right=(47, 3); f=15, g=0, lb=15, ub=16.1555
	pushing: root=(32, 9); left=(48, 15); right=(47, 3); f=15.4465, g=0, lb=15.4465, ub=17.088
popped off: root=(31, 35); left=(34.6735, 43.0816); right=(34, 35); f=15.083, g=12.083, lb=15.083, ub=24.7322
	pushing: root=(34, 35); left=(47, 35); right=(34, 35); f=15.083, g=15.083, lb=15.083, ub=28.083
	pushing: root=(31, 35); left=(36, 46); right=(47, 35); f=23.3968, g=12.083, lb=23.3968, ub=28.083
popped off: root=(34, 35); left=(47, 35); right=(34, 35); f=15.083, g=15.083, lb=15.083, ub=28.083
	pushing: root=(34, 35); left=(35, 34); right=(34, 35); f=15.083, g=15.083, lb=15.083, ub=16.4973
	pushing: root=(34, 35); left=(47, 35); right=(35, 34); f=16.4973, g=15.083, lb=16.4973, ub=28.083
popped off: root=(34, 35); left=(35, 34); right=(34, 35); f=15.083, g=15.083, lb=15.083, ub=16.4973
popped off: root=(34, 19); left=(40.4, 15); right=(38, 15); f=15.0908, g=9.43398, lb=15.0908, ub=23.0355
	pushing: root=(34, 19); left=(47, 10.875); right=(47, 6); f=24.7642, g=9.43398, lb=24.7642, ub=30.0495
popped off: root=(26, 24); left=(37.9189, 33.2703); right=(47, 31); f=15.0996, g=0, lb=15.0996, ub=22.1359
	pushing: root=(26, 24); left=(39.32, 34.36); right=(47, 35); f=16.8746, g=0, lb=16.8746, ub=23.7065
popped off: root=(23, 10); left=(27.25, 22.75); right=(31, 19); f=15.2039, g=3.16228, lb=15.2039, ub=24.5398
	pushing: root=(23, 10); left=(31, 31); right=(31, 19); f=15.2039, g=3.16228, lb=15.2039, ub=25.6345
	pushing: root=(23, 10); left=(30, 31); right=(31, 31); f=25.2982, g=3.16228, lb=25.2982, ub=25.6345
popped off: root=(17, 8); left=(3, 2); right=(2, 3); f=15.2315, g=0, lb=15.2315, ub=15.8114
popped off: root=(17, 8); left=(2, 3); right=(1, 15); f=15.3634, g=0, lb=15.3634, ub=17.4642
popped off: root=(35, 18); left=(31, 22); right=(31, 31); f=15.3651, g=9.7082, lb=15.3651, ub=23.3097
	pushing: root=(35, 18); left=(22, 31); right=(31, 31); f=23.3097, g=9.7082, lb=23.3097, ub=30.3237
popped off: root=(35, 31); left=(35, 35); right=(40.1429, 35); f=15.4018, g=11.4018, lb=15.4018, ub=24.0509
	pushing: root=(35, 31); left=(35, 47); right=(44, 38); f=22.7155, g=11.4018, lb=22.7155, ub=27.4018
popped off: root=(35, 34); left=(34, 35); right=(35, 35); f=15.4018, g=14.4018, lb=15.4018, ub=26.4433
	pushing: root=(35, 34); left=(34, 35); right=(35, 47); f=15.816, g=14.4018, lb=15.816, ub=27.4018
popped off: root=(32, 9); left=(48, 15); right=(47, 3); f=15.4465, g=0, lb=15.4465, ub=17.088
popped off: root=(22, 7); left=(3, 18); right=(11.7379, 18.7282); f=15.584, g=0, lb=15.584, ub=21.9545
	pushing: root=(22, 7); left=(2, 23); right=(10.2105, 20.4737); f=17.9034, g=0, lb=17.9034, ub=25.6125
	pushing: root=(22, 7); left=(3, 18); right=(2, 23); f=21.9545, g=0, lb=21.9545, ub=25.6125
popped off: root=(26, 24); left=(29, 46); right=(32.5, 38.3); f=15.708, g=0, lb=15.708, ub=22.2036
	pushing: root=(26, 24); left=(31, 47); right=(32.9355, 39.2581); f=16.7604, g=0, lb=16.7604, ub=23.5372
	pushing: root=(26, 24); left=(29, 46); right=(31, 47); f=22.2036, g=0, lb=22.2036, ub=23.5372
popped off: root=(35, 34); left=(34, 35); right=(35, 47); f=15.816, g=14.4018, lb=15.816, ub=27.4018
	pushing: root=(35, 34); left=(34, 35); right=(31, 47); f=15.816, g=14.4018, lb=15.816, ub=28.0032
popped off: root=(35, 34); left=(34, 35); right=(31, 47); f=15.816, g=14.4018, lb=15.816, ub=28.0032
	pushing: root=(35, 34); left=(29, 46); right=(31, 47); f=27.8182, g=14.4018, lb=27.8182, ub=28.0032
	pushing: root=(35, 34); left=(34, 35); right=(29, 46); f=15.816, g=14.4018, lb=15.816, ub=27.8182
popped off: root=(35, 34); left=(34, 35); right=(29, 46); f=15.816, g=14.4018, lb=15.816, ub=27.8182
	pushing: root=(35, 34); left=(30.3333, 38.6667); right=(29, 46); f=21.0014, g=14.4018, lb=21.0014, ub=27.8182
popped off: root=(18, 35); left=(15, 35); right=(15.9375, 37.0625); f=16.3519, g=13.6208, lb=16.3519, ub=24.8011
	pushing: root=(18, 35); left=(15, 35); right=(15, 38); f=16.6208, g=13.6208, lb=16.6208, ub=25.9901
popped off: root=(34, 35); left=(47, 35); right=(35, 34); f=16.4973, g=15.083, lb=16.4973, ub=28.083
	pushing: root=(34, 35); left=(47, 31); right=(35, 34); f=16.4973, g=15.083, lb=16.4973, ub=28.6845
popped off: root=(34, 35); left=(47, 31); right=(35, 34); f=16.4973, g=15.083, lb=16.4973, ub=28.6845
	pushing: root=(34, 35); left=(47, 31); right=(38, 31); f=20.7399, g=15.083, lb=20.7399, ub=28.6845
popped off: root=(19, 34); left=(15.9375, 37.0625); right=(16.2992, 37.8583); f=16.5376, g=12.2066, lb=16.5376, ub=24.2482
	pushing: root=(19, 34); left=(15, 38); right=(15, 39.7143); f=17.8634, g=12.2066, lb=17.8634, ub=25.808
popped off: root=(22, 7); left=(19, 31); right=(27.25, 22.75); f=16.602, g=0, lb=16.602, ub=24.1868
	pushing: root=(22, 7); left=(19, 31); right=(30, 31); f=24, g=0, lb=24, ub=25.632
popped off: root=(18, 35); left=(15, 35); right=(15, 38); f=16.6208, g=13.6208, lb=16.6208, ub=25.9901
	pushing: root=(18, 35); left=(3, 47); right=(6, 47); f=30.5913, g=13.6208, lb=30.5913, ub=32.8301
	pushing: root=(18, 35); left=(15, 35); right=(3, 47); f=16.6208, g=13.6208, lb=16.6208, ub=32.8301
popped off: root=(18, 35); left=(15, 35); right=(3, 47); f=16.6208, g=13.6208, lb=16.6208, ub=32.8301
	pushing: root=(18, 35); left=(3, 35); right=(3, 47); f=28.6208, g=13.6208, lb=28.6208, ub=32.8301
	pushing: root=(15, 35); left=(3, 34); right=(3, 35); f=28.6208, g=16.6208, lb=28.6208, ub=33.5913
	pushing: root=(15, 35); left=(15, 35); right=(3, 34); f=16.6208, g=16.6208, lb=16.6208, ub=28.6624
popped off: root=(15, 35); left=(15, 35); right=(3, 34); f=16.6208, g=16.6208, lb=16.6208, ub=28.6624
	pushing: root=(15, 35); left=(15, 31); right=(3, 34); f=20.5013, g=16.6208, lb=20.5013, ub=28.6624
popped off: root=(26, 24); left=(31, 47); right=(32.9355, 39.2581); f=16.7604, g=0, lb=16.7604, ub=23.5372
	pushing: root=(26, 24); left=(35, 47); right=(34.6735, 43.0816); f=20.9604, g=0, lb=20.9604, ub=24.6982
popped off: root=(20, 11); left=(2, 23); right=(6.875, 21.5); f=16.8082, g=0, lb=16.8082, ub=21.6333
	pushing: root=(20, 11); left=(2, 23); right=(2.5, 25); f=21.6333, g=0, lb=21.6333, ub=23.3452
popped off: root=(26, 24); left=(39.32, 34.36); right=(47, 35); f=16.8746, g=0, lb=16.8746, ub=23.7065
	pushing: root=(26, 24); left=(40.1429, 35); right=(47, 35); f=17.917, g=0, lb=17.917, ub=23.7065
popped off: root=(26, 24); left=(16.2992, 37.8583); right=(20, 46); f=16.9162, g=0, lb=16.9162, ub=22.8035
	pushing: root=(26, 24); left=(15, 47); right=(20, 46); f=22.8035, g=0, lb=22.8035, ub=25.4951
	pushing: root=(26, 24); left=(15, 39.7143); right=(15, 47); f=19.1817, g=0, lb=19.1817, ub=25.4951
popped off: root=(26, 24); left=(47, 15); right=(40.4, 15); f=16.9812, g=0, lb=16.9812, ub=22.8473
	pushing: root=(26, 24); left=(47, 15); right=(47, 10.875); f=22.8473, g=0, lb=22.8473, ub=29.6985
popped off: root=(15, 31); left=(9.44211, 34.5368); right=(15, 35); f=17.0246, g=13.0384, lb=17.0246, ub=25.4077
	pushing: root=(15, 31); left=(3, 47); right=(15, 35); f=17.0384, g=13.0384, lb=17.0384, ub=33.0384
	pushing: root=(15, 31); left=(3, 38.6364); right=(3, 47); f=27.2621, g=13.0384, lb=27.2621, ub=33.0384
popped off: root=(15, 31); left=(3, 47); right=(15, 35); f=17.0384, g=13.0384, lb=17.0384, ub=33.0384
	pushing: root=(15, 31); left=(3, 47); right=(15, 47); f=29.0384, g=13.0384, lb=29.0384, ub=33.0384
popped off: root=(17, 8); left=(3, 18); right=(2, 23); f=17.2047, g=0, lb=17.2047, ub=21.2132
popped off: root=(32, 9); left=(18, 19); right=(19, 31); f=17.2047, g=0, lb=17.2047, ub=25.5539
	pushing: root=(32, 9); left=(18, 19); right=(15, 31); f=17.2047, g=0, lb=17.2047, ub=27.8029
popped off: root=(32, 9); left=(18, 19); right=(15, 31); f=17.2047, g=0, lb=17.2047, ub=27.8029
	pushing: root=(32, 9); left=(15, 21.1429); right=(15, 31); f=20.8914, g=0, lb=20.8914, ub=27.8029
popped off: root=(17, 8); left=(22.5556, 27.4444); right=(31, 19); f=17.6777, g=0, lb=17.6777, ub=23.0868
	pushing: root=(17, 8); left=(31, 31); right=(31, 19); f=17.8045, g=0, lb=17.8045, ub=26.9258
	pushing: root=(17, 8); left=(23.5714, 31); right=(31, 31); f=23.9204, g=0, lb=23.9204, ub=26.9258
popped off: root=(32, 9); left=(40.3333, 25.6667); right=(47, 19); f=17.6777, g=0, lb=17.6777, ub=22.2036
	pushing: root=(32, 9); left=(47, 31); right=(47, 19); f=18.0278, g=0, lb=18.0278, ub=26.6271
	pushing: root=(32, 9); left=(43, 31); right=(47, 31); f=24.5967, g=0, lb=24.5967, ub=26.6271
popped off: root=(19, 34); left=(15, 38); right=(15, 39.7143); f=17.8634, g=12.2066, lb=17.8634, ub=25.808
	pushing: root=(19, 34); left=(6, 47); right=(9.9, 47); f=28.0751, g=12.2066, lb=28.0751, ub=32.8221
popped off: root=(22, 7); left=(2, 23); right=(10.2105, 20.4737); f=17.9034, g=0, lb=17.9034, ub=25.6125
	pushing: root=(22, 7); left=(3, 27); right=(6.6, 24.6); f=23.3863, g=0, lb=23.3863, ub=27.5862
	pushing: root=(22, 7); left=(2, 23); right=(3, 27); f=25.6125, g=0, lb=25.6125, ub=27.5862
popped off: root=(26, 24); left=(40.1429, 35); right=(47, 35); f=17.917, g=0, lb=17.917, ub=23.7065
	pushing: root=(26, 24); left=(44, 38); right=(47, 35); f=22.8035, g=0, lb=22.8035, ub=24.6982
popped off: root=(32, 9); left=(47, 31); right=(47, 19); f=18.0278, g=0, lb=18.0278, ub=26.6271
	pushing: root=(32, 9); left=(48, 31); right=(47, 19); f=18.0278, g=0, lb=18.0278, ub=27.2029
popped off: root=(32, 9); left=(48, 31); right=(47, 19); f=18.0278, g=0, lb=18.0278, ub=27.2029
popped off: root=(26, 24); left=(9.32258, 16.4194); right=(3, 18); f=18.3195, g=0, lb=18.3195, ub=23.7697
	pushing: root=(26, 24); left=(6.2, 15); right=(3, 15); f=21.7495, g=0, lb=21.7495, ub=24.6982
popped off: root=(20, 11); left=(3, 18); right=(2, 23); f=18.3848, g=0, lb=18.3848, ub=21.6333
popped off: root=(35, 15); left=(35, 31); right=(40.3333, 25.6667); f=18.6339, g=6.7082, lb=18.6339, ub=22.7082
	pushing: root=(35, 15); left=(35, 31); right=(43, 31); f=22.7082, g=6.7082, lb=22.7082, ub=26.7082
popped off: root=(26, 24); left=(15, 39.7143); right=(15, 47); f=19.1817, g=0, lb=19.1817, ub=25.4951
	pushing: root=(26, 24); left=(9.9, 47); right=(15, 47); f=25.4951, g=0, lb=25.4951, ub=32.5269
popped off: root=(26, 24); left=(3, 34); right=(9.44211, 34.5368); f=19.6262, g=0, lb=19.6262, ub=25.0799
	pushing: root=(26, 24); left=(3, 34); right=(3, 38.6364); f=25.0799, g=0, lb=25.0799, ub=32.5269
popped off: root=(19, 15); left=(19, 31); right=(22.5556, 27.4444); f=20.2225, g=7.28011, lb=20.2225, ub=23.2801
	pushing: root=(19, 15); left=(19, 31); right=(23.5714, 31); f=23.2801, g=7.28011, lb=23.2801, ub=27.2801
popped off: root=(15, 35); left=(15, 31); right=(3, 34); f=20.5013, g=16.6208, lb=20.5013, ub=28.6624
	pushing: root=(15, 35); left=(15, 31); right=(3, 31); f=20.6208, g=16.6208, lb=20.6208, ub=29.2699
popped off: root=(15, 35); left=(15, 31); right=(3, 31); f=20.6208, g=16.6208, lb=20.6208, ub=29.2699
	pushing: root=(15, 35); left=(3, 30); right=(3, 31); f=29.2699, g=16.6208, lb=29.2699, ub=29.6208
	pushing: root=(15, 35); left=(15, 31); right=(3, 30); f=20.6208, g=16.6208, lb=20.6208, ub=29.6208
popped off: root=(15, 35); left=(15, 31); right=(3, 30); f=20.6208, g=16.6208, lb=20.6208, ub=29.6208
	pushing: root=(15, 35); left=(15, 31); right=(3, 27); f=20.6208, g=16.6208, lb=20.6208, ub=31.043
popped off: root=(15, 35); left=(15, 31); right=(3, 27); f=20.6208, g=16.6208, lb=20.6208, ub=31.043
	pushing: root=(15, 35); left=(15, 19); right=(3, 27); f=29.9336, g=16.6208, lb=29.9336, ub=32.6208
popped off: root=(19, 18); left=(8.25, 28.75); right=(15, 31); f=20.6689, g=7.07107, lb=20.6689, ub=25.4286
	pushing: root=(19, 18); left=(6.69231, 30.3077); right=(15, 31); f=20.6725, g=7.07107, lb=20.6725, ub=27.0711
popped off: root=(19, 18); left=(6.69231, 30.3077); right=(15, 31); f=20.6725, g=7.07107, lb=20.6725, ub=27.0711
	pushing: root=(19, 18); left=(6, 31); right=(15, 31); f=20.6725, g=7.07107, lb=20.6725, ub=27.6866
popped off: root=(19, 18); left=(6, 31); right=(15, 31); f=20.6725, g=7.07107, lb=20.6725, ub=27.6866
	pushing: root=(19, 18); left=(3, 34); right=(15, 31); f=20.6725, g=7.07107, lb=20.6725, ub=29.6985
popped off: root=(19, 18); left=(3, 34); right=(15, 31); f=20.6725, g=7.07107, lb=20.6725, ub=29.6985
	pushing: root=(19, 18); left=(3, 34); right=(13.8, 34.9); f=24.753, g=7.07107, lb=24.753, ub=29.6985
popped off: root=(34, 35); left=(47, 31); right=(38, 31); f=20.7399, g=15.083, lb=20.7399, ub=28.6845
	pushing: root=(34, 35); left=(47, 31); right=(47, 22); f=28.6845, g=15.083, lb=28.6845, ub=35.6986
popped off: root=(26, 24); left=(35, 47); right=(34.6735, 43.0816); f=20.9604, g=0, lb=20.9604, ub=24.6982
	pushing: root=(26, 24); left=(35, 47); right=(36, 46); f=24.1661, g=0, lb=24.1661, ub=24.6982
popped off: root=(26, 24); left=(47, 31); right=(47, 19); f=21, g=0, lb=21, ub=22.1359
	pushing: root=(26, 24); left=(48, 31); right=(47, 19); f=21.3427, g=0, lb=21.3427, ub=23.0868
popped off: root=(35, 34); left=(30.3333, 38.6667); right=(29, 46); f=21.0014, g=14.4018, lb=21.0014, ub=27.8182
	pushing: root=(35, 34); left=(28.5, 40.5); right=(26, 46); f=23.5941, g=14.4018, lb=23.5941, ub=29.4018
popped off: root=(17, 8); left=(2, 23); right=(3, 27); f=21.2132, g=0, lb=21.2132, ub=23.6008
	pushing: root=(17, 8); left=(2, 26); right=(3, 27); f=23.4307, g=0, lb=23.4307, ub=23.6008
	pushing: root=(17, 8); left=(2, 23); right=(2, 26); f=21.2132, g=0, lb=21.2132, ub=23.4307
popped off: root=(17, 8); left=(2, 23); right=(2, 26); f=21.2132, g=0, lb=21.2132, ub=23.4307
	pushing: root=(17, 8); left=(1.25, 23.75); right=(2, 26); f=22.2739, g=0, lb=22.2739, ub=23.4307
	pushing: root=(2, 23); left=(1, 23); right=(1.25, 23.75); f=22.1619, g=21.2132, lb=22.1619, ub=24.2132
popped off: root=(26, 24); left=(48, 31); right=(47, 19); f=21.3427, g=0, lb=21.3427, ub=23.0868
popped off: root=(15, 15); left=(3, 27); right=(15, 31); f=21.5821, g=6.40312, lb=21.5821, ub=23.3737
	pushing: root=(15, 15); left=(3, 30); right=(15, 31); f=22.3479, g=6.40312, lb=22.3479, ub=25.6125
popped off: root=(20, 11); left=(2, 23); right=(2.5, 25); f=21.6333, g=0, lb=21.6333, ub=23.3452
	pushing: root=(20, 11); left=(2, 23); right=(2, 25.4); f=21.6333, g=0, lb=21.6333, ub=23.4307
popped off: root=(20, 11); left=(2, 23); right=(2, 25.4); f=21.6333, g=0, lb=21.6333, ub=23.4307
	pushing: root=(20, 11); left=(1.18182, 23.5455); right=(1.84211, 25.5263); f=22.6166, g=0, lb=22.6166, ub=23.4307
popped off: root=(26, 24); left=(6.2, 15); right=(3, 15); f=21.7495, g=0, lb=21.7495, ub=24.6982
	pushing: root=(26, 24); left=(4, 14); right=(3, 15); f=24.1661, g=0, lb=24.1661, ub=24.6982
popped off: root=(26, 24); left=(23, 46); right=(26, 46); f=22, g=0, lb=22, ub=22.2036
	pushing: root=(26, 24); left=(24, 47); right=(26, 46); f=22, g=0, lb=22, ub=23.0868
	pushing: root=(26, 24); left=(23, 46); right=(24, 47); f=22.2036, g=0, lb=22.2036, ub=23.0868
popped off: root=(26, 24); left=(24, 47); right=(26, 46); f=22, g=0, lb=22, ub=23.0868
	pushing: root=(26, 24); left=(24, 47); right=(26, 48); f=23.0868, g=0, lb=23.0868, ub=24
popped off: root=(2, 23); left=(1, 23); right=(1.25, 23.75); f=22.1619, g=21.2132, lb=22.1619, ub=24.2132
popped off: root=(26, 24); left=(23, 46); right=(24, 47); f=22.2036, g=0, lb=22.2036, ub=23.0868
popped off: root=(26, 24); left=(29, 46); right=(31, 47); f=22.2036, g=0, lb=22.2036, ub=23.5372
	pushing: root=(26, 24); left=(30, 47); right=(31, 47); f=23.3452, g=0, lb=23.3452, ub=23.5372
	pushing: root=(26, 24); left=(29, 46); right=(30, 47); f=22.2036, g=0, lb=22.2036, ub=23.3452
popped off: root=(26, 24); left=(29, 46); right=(30, 47); f=22.2036, g=0, lb=22.2036, ub=23.3452
popped off: root=(17, 8); left=(1.25, 23.75); right=(2, 26); f=22.2739, g=0, lb=22.2739, ub=23.4307
popped off: root=(18, 19); left=(3, 27); right=(8.25, 28.75); f=22.2739, g=8.48528, lb=22.2739, ub=25.4853
	pushing: root=(18, 19); left=(3, 30); right=(6.69231, 30.3077); f=24.4768, g=8.48528, lb=24.4768, ub=27.0864
popped off: root=(15, 15); left=(3, 30); right=(15, 31); f=22.3479, g=6.40312, lb=22.3479, ub=25.6125
	pushing: root=(15, 15); left=(3, 31); right=(15, 31); f=22.4031, g=6.40312, lb=22.4031, ub=26.4031
	pushing: root=(15, 15); left=(3, 30); right=(3, 31); f=25.6125, g=6.40312, lb=25.6125, ub=26.4031
popped off: root=(15, 15); left=(3, 31); right=(15, 31); f=22.4031, g=6.40312, lb=22.4031, ub=26.4031
	pushing: root=(15, 15); left=(3, 34); right=(15, 31); f=22.4031, g=6.40312, lb=22.4031, ub=28.8753
popped off: root=(15, 15); left=(3, 34); right=(15, 31); f=22.4031, g=6.40312, lb=22.4031, ub=28.8753
	pushing: root=(15, 15); left=(3, 34); right=(15, 35); f=26.334, g=6.40312, lb=26.334, ub=28.8753
popped off: root=(15, 15); left=(2.5, 25); right=(3, 27); f=22.4109, g=6.40312, lb=22.4109, ub=23.3737
	pushing: root=(15, 15); left=(2, 26); right=(3, 27); f=23.3737, g=6.40312, lb=23.3737, ub=23.4325
	pushing: root=(15, 15); left=(2, 25.4); right=(2, 26); f=23.0512, g=6.40312, lb=23.0512, ub=23.4325
popped off: root=(17, 8); left=(3, 27); right=(10.8261, 29.6087); f=22.4522, g=0, lb=22.4522, ub=23.6008
	pushing: root=(17, 8); left=(3, 30); right=(10.5349, 30.6279); f=23.5334, g=0, lb=23.5334, ub=26.0768
popped off: root=(20, 11); left=(1.18182, 23.5455); right=(1.84211, 25.5263); f=22.6166, g=0, lb=22.6166, ub=23.4307
popped off: root=(35, 31); left=(35, 47); right=(44, 38); f=22.7155, g=11.4018, lb=22.7155, ub=27.4018
	pushing: root=(35, 31); left=(47, 47); right=(47, 40.3333); f=26.6041, g=11.4018, lb=26.6041, ub=31.4018
	pushing: root=(35, 31); left=(35, 47); right=(47, 47); f=27.4018, g=11.4018, lb=27.4018, ub=31.4018
popped off: root=(26, 24); left=(44, 38); right=(47, 35); f=22.8035, g=0, lb=22.8035, ub=24.6982
	pushing: root=(26, 24); left=(47, 40.3333); right=(47, 35); f=23.7065, g=0, lb=23.7065, ub=31.1448
popped off: root=(26, 24); left=(15, 47); right=(20, 46); f=22.8035, g=0, lb=22.8035, ub=25.4951
	pushing: root=(26, 24); left=(19, 47); right=(20, 46); f=22.8035, g=0, lb=22.8035, ub=24.0416
popped off: root=(26, 24); left=(19, 47); right=(20, 46); f=22.8035, g=0, lb=22.8035, ub=24.0416
	pushing: root=(20, 46); left=(19.5714, 47.5714); right=(20, 48); f=24.4323, g=22.8035, lb=24.4323, ub=24.8035
	pushing: root=(26, 24); left=(19, 47); right=(19.5714, 47.5714); f=24.0416, g=0, lb=24.0416, ub=24.7386
popped off: root=(15, 15); left=(2, 25.4); right=(2, 26); f=23.0512, g=6.40312, lb=23.0512, ub=23.4325
	pushing: root=(15, 15); left=(1.84211, 25.5263); right=(2, 26); f=23.2535, g=6.40312, lb=23.2535, ub=23.4325
popped off: root=(26, 24); left=(24, 47); right=(26, 48); f=23.0868, g=0, lb=23.0868, ub=24
popped off: root=(26, 24); left=(2, 23); right=(3, 27); f=23.1948, g=0, lb=23.1948, ub=24.0208
	pushing: root=(26, 24); left=(2, 26); right=(3, 27); f=23.1948, g=0, lb=23.1948, ub=24.0832
	pushing: root=(26, 24); left=(2, 23); right=(2, 26); f=24, g=0, lb=24, ub=24.0832
popped off: root=(26, 24); left=(2, 26); right=(3, 27); f=23.1948, g=0, lb=23.1948, ub=24.0832
popped off: root=(15, 15); left=(1.84211, 25.5263); right=(2, 26); f=23.2535, g=6.40312, lb=23.2535, ub=23.4325
popped off: root=(26, 24); left=(30, 47); right=(31, 47); f=23.3452, g=0, lb=23.3452, ub=23.5372
	pushing: root=(26, 24); left=(30, 47); right=(31, 48); f=23.3452, g=0, lb=23.3452, ub=24.5153
popped off: root=(26, 24); left=(30, 47); right=(31, 48); f=23.3452, g=0, lb=23.3452, ub=24.5153
popped off: root=(15, 15); left=(2, 26); right=(3, 27); f=23.3737, g=6.40312, lb=23.3737, ub=23.4325
popped off: root=(22, 7); left=(3, 27); right=(6.6, 24.6); f=23.3863, g=0, lb=23.3863, ub=27.5862
	pushing: root=(22, 7); left=(3, 27); right=(4.16129, 27.3871); f=27.0897, g=0, lb=27.0897, ub=27.5862
popped off: root=(31, 35); left=(36, 46); right=(47, 35); f=23.3968, g=12.083, lb=23.3968, ub=28.083
	pushing: root=(31, 35); left=(47, 47); right=(47, 35); f=28.083, g=12.083, lb=28.083, ub=32.083
	pushing: root=(31, 35); left=(36.4545, 47); right=(47, 47); f=25.2646, g=12.083, lb=25.2646, ub=32.083
popped off: root=(17, 8); left=(2, 26); right=(3, 27); f=23.4307, g=0, lb=23.4307, ub=23.6008
popped off: root=(17, 8); left=(3, 30); right=(10.5349, 30.6279); f=23.5334, g=0, lb=23.5334, ub=26.0768
	pushing: root=(17, 8); left=(3, 31); right=(10.4286, 31); f=23.9204, g=0, lb=23.9204, ub=26.9258
	pushing: root=(17, 8); left=(3, 30); right=(3, 31); f=26.0768, g=0, lb=26.0768, ub=26.9258
popped off: root=(35, 34); left=(28.5, 40.5); right=(26, 46); f=23.5941, g=14.4018, lb=23.5941, ub=29.4018
	pushing: root=(35, 34); left=(24.8947, 44.1053); right=(26, 46); f=28.6928, g=14.4018, lb=28.6928, ub=30.4018
popped off: root=(26, 24); left=(47, 40.3333); right=(47, 35); f=23.7065, g=0, lb=23.7065, ub=31.1448
	pushing: root=(47, 35); left=(47.9582, 35.5019); right=(48, 35); f=24.7031, g=23.7065, lb=24.7031, ub=35.7065
	pushing: root=(26, 24); left=(47.5217, 40.7391); right=(47.9582, 35.5019); f=24.7882, g=0, lb=24.7882, ub=31.1448
popped off: root=(26, 24); left=(3, 30); right=(3, 31); f=23.7697, g=0, lb=23.7697, ub=24.0416
	pushing: root=(26, 24); left=(3, 30); right=(1, 31); f=23.7697, g=0, lb=23.7697, ub=25.9615
popped off: root=(26, 24); left=(3, 30); right=(1, 31); f=23.7697, g=0, lb=23.7697, ub=25.9615
popped off: root=(17, 8); left=(3, 31); right=(10.4286, 31); f=23.9204, g=0, lb=23.9204, ub=26.9258
	pushing: root=(17, 8); left=(3, 34); right=(10.0769, 32.2308); f=25.2004, g=0, lb=25.2004, ub=29.5296
popped off: root=(26, 24); left=(19, 47); right=(19.5714, 47.5714); f=24.0416, g=0, lb=24.0416, ub=24.7386
popped off: root=(26, 24); left=(35, 47); right=(36, 46); f=24.1661, g=0, lb=24.1661, ub=24.6982
	pushing: root=(26, 24); left=(35, 47); right=(36.4545, 47); f=24.6982, g=0, lb=24.6982, ub=31.1448
popped off: root=(20, 46); left=(19.5714, 47.5714); right=(20, 48); f=24.4323, g=22.8035, lb=24.4323, ub=24.8035
popped off: root=(18, 19); left=(3, 30); right=(6.69231, 30.3077); f=24.4768, g=8.48528, lb=24.4768, ub=27.0864
	pushing: root=(18, 19); left=(3, 31); right=(6, 31); f=25.4558, g=8.48528, lb=25.4558, ub=27.6947
	pushing: root=(18, 19); left=(3, 30); right=(3, 31); f=27.0864, g=8.48528, lb=27.0864, ub=27.6947
popped off: root=(26, 24); left=(35, 47); right=(36.4545, 47); f=24.6982, g=0, lb=24.6982, ub=31.1448
	pushing: root=(26, 24); left=(35, 47); right=(36.5118, 47.126); f=24.6982, g=0, lb=24.6982, ub=31.8904
popped off: root=(26, 24); left=(35, 47); right=(36.5118, 47.126); f=24.6982, g=0, lb=24.6982, ub=31.8904
popped off: root=(47, 35); left=(47.9582, 35.5019); right=(48, 35); f=24.7031, g=23.7065, lb=24.7031, ub=35.7065
popped off: root=(19, 18); left=(3, 34); right=(13.8, 34.9); f=24.753, g=7.07107, lb=24.753, ub=29.6985
	pushing: root=(19, 18); left=(3, 47); right=(13.2222, 36.7778); f=26.7176, g=7.07107, lb=26.7176, ub=40.1921
	pushing: root=(19, 18); left=(3, 34); right=(3, 47); f=29.6985, g=7.07107, lb=29.6985, ub=40.1921
popped off: root=(26, 24); left=(47.5217, 40.7391); right=(47.9582, 35.5019); f=24.7882, g=0, lb=24.7882, ub=31.1448
popped off: root=(26, 24); left=(3, 34); right=(3, 38.6364); f=25.0799, g=0, lb=25.0799, ub=32.5269
	pushing: root=(26, 24); left=(2, 35); right=(2.33813, 39.0576); f=26.4008, g=0, lb=26.4008, ub=32.5269
	pushing: root=(26, 24); left=(3, 34); right=(2, 35); f=25.0799, g=0, lb=25.0799, ub=26.4008
popped off: root=(26, 24); left=(3, 34); right=(2, 35); f=25.0799, g=0, lb=25.0799, ub=26.4008
popped off: root=(17, 8); left=(3, 34); right=(10.0769, 32.2308); f=25.2004, g=0, lb=25.2004, ub=29.5296
	pushing: root=(17, 8); left=(3, 34); right=(9.4186, 34.5349); f=27.5967, g=0, lb=27.5967, ub=29.5296
popped off: root=(31, 35); left=(36.4545, 47); right=(47, 47); f=25.2646, g=12.083, lb=25.2646, ub=32.083
	pushing: root=(31, 35); left=(36.5118, 47.126); right=(47, 48); f=25.4029, g=12.083, lb=25.4029, ub=32.6986
popped off: root=(31, 35); left=(36.5118, 47.126); right=(47, 48); f=25.4029, g=12.083, lb=25.4029, ub=32.6986
popped off: root=(18, 19); left=(3, 31); right=(6, 31); f=25.4558, g=8.48528, lb=25.4558, ub=27.6947
popped off: root=(26, 24); left=(9.9, 47); right=(15, 47); f=25.4951, g=0, lb=25.4951, ub=32.5269
	pushing: root=(15, 47); left=(14.5401, 47.9617); right=(15, 48); f=26.4916, g=25.4951, lb=26.4916, ub=37.4951
	pushing: root=(26, 24); left=(9.51969, 47.5433); right=(14.5401, 47.9617); f=26.5611, g=0, lb=26.5611, ub=32.5269
popped off: root=(15, 15); left=(3, 34); right=(15, 35); f=26.334, g=6.40312, lb=26.334, ub=28.8753
	pushing: root=(15, 15); left=(3, 47); right=(15, 35); f=26.4031, g=6.40312, lb=26.4031, ub=40.5791
	pushing: root=(15, 15); left=(3, 34); right=(3, 47); f=28.8753, g=6.40312, lb=28.8753, ub=40.5791
popped off: root=(26, 24); left=(2, 35); right=(2.33813, 39.0576); f=26.4008, g=0, lb=26.4008, ub=32.5269
	pushing: root=(26, 24); left=(2, 35); right=(1.624, 39.512); f=26.4008, g=0, lb=26.4008, ub=33.9706
popped off: root=(26, 24); left=(2, 35); right=(1.624, 39.512); f=26.4008, g=0, lb=26.4008, ub=33.9706
popped off: root=(15, 15); left=(3, 47); right=(15, 35); f=26.4031, g=6.40312, lb=26.4031, ub=40.5791
	pushing: root=(15, 15); left=(3, 47); right=(15, 47); f=38.4031, g=6.40312, lb=38.4031, ub=40.5791
popped off: root=(15, 47); left=(14.5401, 47.9617); right=(15, 48); f=26.4916, g=25.4951, lb=26.4916, ub=37.4951
popped off: root=(26, 24); left=(9.51969, 47.5433); right=(14.5401, 47.9617); f=26.5611, g=0, lb=26.5611, ub=32.5269
popped off: root=(35, 31); left=(47, 47); right=(47, 40.3333); f=26.6041, g=11.4018, lb=26.6041, ub=31.4018
	pushing: root=(35, 31); left=(47, 47); right=(47.5217, 40.7391); f=27.2651, g=11.4018, lb=27.2651, ub=31.4018
popped off: root=(19, 18); left=(3, 47); right=(13.2222, 36.7778); f=26.7176, g=7.07107, lb=26.7176, ub=40.1921
	pushing: root=(19, 18); left=(3, 47); right=(10.0769, 47); f=37.4128, g=7.07107, lb=37.4128, ub=40.1921
popped off: root=(15, 31); left=(3, 38.6364); right=(3, 47); f=27.2621, g=13.0384, lb=27.2621, ub=33.0384
	pushing: root=(15, 31); left=(2.33813, 39.0576); right=(3, 47); f=28.0466, g=13.0384, lb=28.0466, ub=33.0384
popped off: root=(35, 31); left=(47, 47); right=(47.5217, 40.7391); f=27.2651, g=11.4018, lb=27.2651, ub=31.4018
popped off: root=(35, 31); left=(35, 47); right=(47, 47); f=27.4018, g=11.4018, lb=27.4018, ub=31.4018
	pushing: root=(35, 31); left=(35, 47); right=(47, 48); f=27.4018, g=11.4018, lb=27.4018, ub=32.2104
popped off: root=(35, 31); left=(35, 47); right=(47, 48); f=27.4018, g=11.4018, lb=27.4018, ub=32.2104
popped off: root=(15, 31); left=(2.33813, 39.0576); right=(3, 47); f=28.0466, g=13.0384, lb=28.0466, ub=33.0384
	pushing: root=(15, 31); left=(1.624, 39.512); right=(1, 47); f=28.8931, g=13.0384, lb=28.8931, ub=34.2987
popped off: root=(19, 34); left=(6, 47); right=(9.9, 47); f=28.0751, g=12.2066, lb=28.0751, ub=32.8221
	pushing: root=(19, 34); left=(5.76923, 47.2308); right=(9.51969, 47.5433); f=28.7383, g=12.2066, lb=28.7383, ub=32.8221
popped off: root=(31, 35); left=(47, 47); right=(47, 35); f=28.083, g=12.083, lb=28.083, ub=32.083
	pushing: root=(31, 35); left=(47, 47); right=(48, 35); f=29.0243, g=12.083, lb=29.0243, ub=32.083
popped off: root=(18, 35); left=(3, 35); right=(3, 47); f=28.6208, g=13.6208, lb=28.6208, ub=32.8301
	pushing: root=(18, 35); left=(2, 35); right=(3, 47); f=29.5655, g=13.6208, lb=29.5655, ub=32.8301
popped off: root=(15, 35); left=(3, 34); right=(3, 35); f=28.6208, g=16.6208, lb=28.6208, ub=33.5913
	pushing: root=(15, 35); left=(3, 34); right=(2, 35); f=28.6624, g=16.6208, lb=28.6624, ub=29.6208
popped off: root=(19, 34); left=(5.76923, 47.2308); right=(9.51969, 47.5433); f=28.7383, g=12.2066, lb=28.7383, ub=32.8221
popped off: root=(15, 15); left=(3, 34); right=(3, 47); f=28.8753, g=6.40312, lb=28.8753, ub=40.5791
	pushing: root=(15, 15); left=(2.04294, 35.5153); right=(3, 47); f=30.6676, g=6.40312, lb=30.6676, ub=40.5791
	pushing: root=(3, 34); left=(2, 35); right=(2.04294, 35.5153); f=30.2895, g=28.8753, lb=30.2895, ub=41.8753
	pushing: root=(3, 34); left=(3, 34); right=(2, 35); f=28.8753, g=28.8753, lb=28.8753, ub=30.2895
popped off: root=(15, 31); left=(1.624, 39.512); right=(1, 47); f=28.8931, g=13.0384, lb=28.8931, ub=34.2987
popped off: root=(31, 35); left=(47, 47); right=(48, 35); f=29.0243, g=12.083, lb=29.0243, ub=32.083
popped off: root=(15, 31); left=(3, 47); right=(15, 47); f=29.0384, g=13.0384, lb=29.0384, ub=33.0384
	pushing: root=(15, 31); left=(3, 47); right=(15, 48); f=29.9797, g=13.0384, lb=29.9797, ub=33.0384
popped off: root=(18, 35); left=(2, 35); right=(3, 47); f=29.5655, g=13.6208, lb=29.5655, ub=32.8301
	pushing: root=(18, 35); left=(2, 35); right=(1, 47); f=29.6208, g=13.6208, lb=29.6208, ub=34.4294
popped off: root=(18, 35); left=(2, 35); right=(1, 47); f=29.6208, g=13.6208, lb=29.6208, ub=34.4294
popped off: root=(19, 18); left=(3, 34); right=(3, 47); f=29.6985, g=7.07107, lb=29.6985, ub=40.1921
	pushing: root=(19, 18); left=(2, 35); right=(3, 47); f=31.1127, g=7.07107, lb=31.1127, ub=40.1921
popped off: root=(15, 31); left=(3, 47); right=(15, 48); f=29.9797, g=13.0384, lb=29.9797, ub=33.0384
popped off: root=(3, 34); left=(2, 35); right=(2.04294, 35.5153); f=30.2895, g=28.8753, lb=30.2895, ub=41.8753
	pushing: root=(3, 34); left=(2, 35); right=(1.944, 35.672); f=30.2895, g=28.8753, lb=30.2895, ub=42.0283
popped off: root=(3, 34); left=(2, 35); right=(1.944, 35.672); f=30.2895, g=28.8753, lb=30.2895, ub=42.0283
popped off: root=(18, 35); left=(3, 47); right=(6, 47); f=30.5913, g=13.6208, lb=30.5913, ub=32.8301
	pushing: root=(18, 35); left=(3, 47); right=(5.76923, 47.2308); f=30.9177, g=13.6208, lb=30.9177, ub=32.8301
popped off: root=(15, 15); left=(2.04294, 35.5153); right=(3, 47); f=30.6676, g=6.40312, lb=30.6676, ub=40.5791
	pushing: root=(15, 15); left=(1.944, 35.672); right=(1, 47); f=30.8529, g=6.40312, lb=30.8529, ub=41.3316
popped off: root=(15, 15); left=(1.944, 35.672); right=(1, 47); f=30.8529, g=6.40312, lb=30.8529, ub=41.3316
popped off: root=(18, 35); left=(3, 47); right=(5.76923, 47.2308); f=30.9177, g=13.6208, lb=30.9177, ub=32.8301
popped off: root=(19, 18); left=(2, 35); right=(3, 47); f=31.1127, g=7.07107, lb=31.1127, ub=40.1921
	pushing: root=(19, 18); left=(2, 35); right=(1, 47); f=31.1127, g=7.07107, lb=31.1127, ub=41.2032
popped off: root=(19, 18); left=(2, 35); right=(1, 47); f=31.1127, g=7.07107, lb=31.1127, ub=41.2032
